Desktop is 3520 x 1080 @ 60 Hz
GLX Extensions: GLX_EXT_visual_info GLX_EXT_visual_rating GLX_EXT_import_context GLX_SGIX_fbconfig GLX_SGIX_pbuffer GLX_SGI_video_sync GLX_SGI_swap_control GLX_EXT_swap_control GLX_EXT_swap_control_tear GLX_EXT_texture_from_pixmap GLX_EXT_buffer_age GLX_ARB_create_context GLX_ARB_create_context_profile GLX_EXT_create_context_es_profile GLX_EXT_create_context_es2_profile GLX_ARB_create_context_no_error GLX_ARB_create_context_robustness GLX_NV_delay_before_swap GLX_EXT_stereo_tree GLX_ARB_context_flush_control GLX_NV_robustness_video_memory_purge GLX_ARB_multisample GLX_NV_float_buffer GLX_ARB_fbconfig_float GLX_EXT_framebuffer_sRGB GLX_NV_multisample_coverage GLX_NV_copy_image GLX_ARB_get_proc_address 
[Package Manager] Server::Start -- Port 33738 was selected
npm ERR! missing: unity-editor-home@0.8.42, required by unity-editor@5.7.0
npm ERR! missing: unityeditor-cloud-hub@0.0.15, required by unity-editor@5.7.0
npm ERR! missing: unityeditor-collab-history@0.6.15-fix-history-revisions.1, required by unity-editor@5.7.0
npm ERR! missing: unityeditor-collab-toolbar@0.7.16, required by unity-editor@5.7.0
ListPackages failed, output: {
  "name": "unity-editor",
  "version": "5.7.0",
  "problems": [
    "missing: unity-editor-home@0.8.42, required by unity-editor@5.7.0",
    "missing: unityeditor-cloud-hub@0.0.15, required by unity-editor@5.7.0",
    "missing: unityeditor-collab-history@0.6.15-fix-history-revisions.1, required by unity-editor@5.7.0",
    "missing: unityeditor-collab-toolbar@0.7.16, required by unity-editor@5.7.0"
  ],
  "dependencies": {
    "unity-editor-home": {
      "required": "0.8.42",
      "missing": true
    },
    "unityeditor-cloud-hub": {
      "required": "0.0.15",
      "missing": true
    },
    "unityeditor-collab-history": {
      "required": "0.6.15-fix-history-revisions.1",
      "missing": true
    },
    "unityeditor-collab-toolbar": {
      "required": "0.7.16",
      "missing": true
    }
  }
}

npm WARN unity-editor@5.7.0 No repository field.
npm WARN unity-editor@5.7.0 No license field.

 COMMAND LINE ARGUMENTS:
/opt/UnityLts/Editor/Unity
-no-throttle-updates
[0131/103303:ERROR:browser_main_loop.cc(161)] Running without the SUID sandbox! See https://code.google.com/p/chromium/wiki/LinuxSUIDSandboxDevelopment for more information on developing with the sandbox on.
[0131/103303:ERROR:renderer_main.cc(227)] Running without renderer sandbox
[0131/103303:ERROR:gpu_process_transport_factory.cc(402)] Failed to establish GPU channel.
[CEF] Unrecognized Content-Security-Policy directive 'base-uri'.
 in https://accounts.google.com/o/oauth2/v2/auth?redirect_uri=https%3A%2F%2Fapi.unity.com%2Fv1%2Foauth2%2Fauthorize&response_type=code&client_id=103181425755-df55ghqk6m8h4jdogndh43702b551tqc.apps.googleusercontent.com&scope=email+profile&approval_prompt=auto&access_type=online&state=99e1b189-fe86-4e5e-a9cc-ebc3485d82fd00af&include_granted_scopes=true
[CEF] Unrecognized Content-Security-Policy directive 'base-uri'.
 in https://accounts.google.com/signin/oauth?client_id=103181425755-df55ghqk6m8h4jdogndh43702b551tqc.apps.googleusercontent.com&as=cksS9fUDzUj2n9kxJ2L4PQ&destination=https://api.unity.com&approval_state=!ChQ5Wk5IMkxfMnZPaEFFdThrX3UxaBIfTTludTJlalUwOUViOEhuU1JuY2dubXBlX29NM2loWQ%E2%88%99AJDr988AAAAAXFQgacJeh11R9g_v-CwFV3CWrNe9pVqs&oauthgdpr=1&xsrfsig=ChkAeAh8T_D0Oofkt2-6L0yWGwQE4SkcU1BfEg5hcHByb3ZhbF9zdGF0ZRILZGVzdGluYXRpb24SBXNvYWN1Eg9vYXV0aHJpc2t5c2NvcGU
[CEF] Unrecognized Content-Security-Policy directive 'base-uri'.
 in about:blank
[CEF] Unrecognized Content-Security-Policy directive 'base-uri'.
 in about:blank
[CEF] Unrecognized Content-Security-Policy directive 'base-uri'.
 in about:blank
[CEF] Unrecognized Content-Security-Policy directive 'base-uri'.
 in https://accounts.youtube.com/accounts/CheckConnection?pmpo=https%3A%2F%2Faccounts.google.com&v=-1414774708&timestamp=1548930798754
[CEF] Unrecognized Content-Security-Policy directive 'worker-src'.
 in https://accounts.youtube.com/accounts/CheckConnection?pmpo=https%3A%2F%2Faccounts.google.com&v=-1414774708&timestamp=1548930798754
[CEF] 'KeyboardEvent.keyLocation' is deprecated. Please use 'KeyboardEvent.location' instead.
[CEF] Unrecognized Content-Security-Policy directive 'base-uri'.
 in about:blank
[CEF] Unrecognized Content-Security-Policy directive 'base-uri'.
 in about:blank
[CEF] Unrecognized Content-Security-Policy directive 'base-uri'.
 in https://accounts.google.co.nz/accounts/SetSID?ssdc=1&sidt=ALWU2ctqkWd4JkpGpDPzRaKJ/xfjlSYYSY4wKiC8GNrO9V3qkIAPQMfNmbxh7K7cARd1HrSgmdaeruyYryarPEzIWpQUh4SrKB6Q8ffPfOseGnzIIiRbeYBDXTJqToHKd7/cCI3ZZ93liQFPMzv0Yw932gcEfNCikyZKJGkMMSXLRbOFD4sVi4VDXrJXEUxyxu2r0xBnLCZEHpvzNLOm8pJzsPmJ8J/7WN21MP8QBtELkvI0hk8TFap06izI39hCQ6atUiVeO86y&continue=https://accounts.google.com/signin/oauth/consent?authuser%3D0%26part%3DAJi8hANbSvL8duCRmRvmQ5ZMVsDYJET-u73wGfXooCh64vgm8K6jNho0dBfXwkOk48Pc6SXgAQX23N0TEcQ224L8EsTorhJzdfuc3HUj3zHzMug5aCq4G2P78t1xAL7As_-JfmCqnCNlsVjwDnNUWgqGG4U2qA_DLokXNoBZiWuoiM6hsR3P6ApHIQQUasHUhjCBefA7PLo8sFuuyOLv1cwkd81-NJ-iIRm4FA-baMp7TT17wqQGBQimmSdi5xAPIIexOrpLOvfqKLNL4KDdZmEsi1QKKBmerA4gl6wxNOAjdmheZHf1y18QzYWCuGsEONT0AlnXiOVDP_gl2zCh26UuIAhzXxZZR1zjirgVpT3g1DbdPu9wH1fTPD3FDdV363HAmWYmuleoqygeSLOWbE5Lym3pDZA-FnETO4NP4gkE2uv_M6ZOdW0%26as%3DcksS9fUDzUj2n9kxJ2L4PQ%26rapt%3DAEjHL4PZBgsu3zDkN8b6AnEQPGLY8ZJwYv0TP8n541q-ERzYO006RlQhFDjGbvxp6-mW0eHZzKAVcPZ3sEN8wfrmbfFK0cmiYg%26auth%3DBAfB9L5yf6r_9O_OBylxwyM8IRtwxcdBobhmnrAzOhFtDtavl-LuFxR64_xYxmhTOjcung.%23
[CEF] Unrecognized Content-Security-Policy directive 'worker-src'.
 in https://accounts.google.co.nz/accounts/SetSID?ssdc=1&sidt=ALWU2ctqkWd4JkpGpDPzRaKJ/xfjlSYYSY4wKiC8GNrO9V3qkIAPQMfNmbxh7K7cARd1HrSgmdaeruyYryarPEzIWpQUh4SrKB6Q8ffPfOseGnzIIiRbeYBDXTJqToHKd7/cCI3ZZ93liQFPMzv0Yw932gcEfNCikyZKJGkMMSXLRbOFD4sVi4VDXrJXEUxyxu2r0xBnLCZEHpvzNLOm8pJzsPmJ8J/7WN21MP8QBtELkvI0hk8TFap06izI39hCQ6atUiVeO86y&continue=https://accounts.google.com/signin/oauth/consent?authuser%3D0%26part%3DAJi8hANbSvL8duCRmRvmQ5ZMVsDYJET-u73wGfXooCh64vgm8K6jNho0dBfXwkOk48Pc6SXgAQX23N0TEcQ224L8EsTorhJzdfuc3HUj3zHzMug5aCq4G2P78t1xAL7As_-JfmCqnCNlsVjwDnNUWgqGG4U2qA_DLokXNoBZiWuoiM6hsR3P6ApHIQQUasHUhjCBefA7PLo8sFuuyOLv1cwkd81-NJ-iIRm4FA-baMp7TT17wqQGBQimmSdi5xAPIIexOrpLOvfqKLNL4KDdZmEsi1QKKBmerA4gl6wxNOAjdmheZHf1y18QzYWCuGsEONT0AlnXiOVDP_gl2zCh26UuIAhzXxZZR1zjirgVpT3g1DbdPu9wH1fTPD3FDdV363HAmWYmuleoqygeSLOWbE5Lym3pDZA-FnETO4NP4gkE2uv_M6ZOdW0%26as%3DcksS9fUDzUj2n9kxJ2L4PQ%26rapt%3DAEjHL4PZBgsu3zDkN8b6AnEQPGLY8ZJwYv0TP8n541q-ERzYO006RlQhFDjGbvxp6-mW0eHZzKAVcPZ3sEN8wfrmbfFK0cmiYg%26auth%3DBAfB9L5yf6r_9O_OBylxwyM8IRtwxcdBobhmnrAzOhFtDtavl-LuFxR64_xYxmhTOjcung.%23
[CEF] Uncaught TypeError: Cannot read property 'addEventListener' of undefined in https://api.unity.com/v1/oauth2/authorize?cid=99e1b189-fe86-4e5e-a9cc-ebc3485d82fd00af&event=next

LICENSE SYSTEM [2019131 10:33:36] Starting license activation with account beatrixtrounson@gmail.com


LICENSE SYSTEM [2019131 10:33:36] Opening https://license.unity3d.com/update/poll?cmd=9&tx_id=305ff20e9db5b4b8ca9d02ce7a9ebfa2


LICENSE SYSTEM [2019131 10:33:36] Posting <?xml version="1.0" encoding="UTF-8"?><root><SystemInfo><IsoCode>en</IsoCode><UserName>beatrix</UserName><OperatingSystem>Linux 4.20 unknown 64bit</OperatingSystem><OperatingSystemNumeric>420</OperatingSystemNumeric><ProcessorType>Intel(R) Core(TM) i5-4570 CPU @ 3.20GHz</ProcessorType><ProcessorSpeed>3470</ProcessorSpeed><ProcessorCount>4</ProcessorCount><ProcessorCores>4</ProcessorCores><PhysicalMemoryMB>7915</PhysicalMemoryMB><ComputerName>core</ComputerName><ComputerModel>PC</ComputerModel><UnityVersion>2017.4.19f1</UnityVersion><SupportedLicenseVersion>6.x</SupportedLicenseVersion></SystemInfo><License id="Terms"><MachineID Value="PhocYORv96B8O+pxe3uzOU2u7rI=" /><MachineBindings><Binding Key="1" Value="fa798bf1f09541fcaa8fd0bd8cb98e94" /><Binding Key="2" Value="fa798bf1f09541fcaa8fd0bd8cb98e94" /></MachineBindings><UnityVersion Value="2017.4.19f1" /></License></root>


LICENSE SYSTEM [2019131 10:33:40] Received https://license.unity3d.com/update/poll?cmd=9&tx_id=305ff20e9db5b4b8ca9d02ce7a9ebfa2

LICENSE SYSTEM [2019131 10:33:40] Headers:
    HTTP/1.1 200 OK
    Server: nginx/1.2.1
    Date: Thu, 31 Jan 2019 10:33:37 GMT
    Status: 200 OK
    X-Frame-Options: SAMEORIGIN
    X-XSS-Protection: 1; mode=block
    X-Content-Type-Options: nosniff
    ETag: W/"a59178a14cfbeec37e04f457756545dd"
    Cache-Control: max-age=0, private, must-revalidate
    Set-Cookie: _activation_session=bzRUU1l1dDhDd2lCWkNTd2JzeTlVZnpxM2lLL05BRDRpOHBESW95cnpKNlp3MmZ3eFFTTk83ZnZXdDFXVitnQ2lPa2Q2RWI1L0ZHMmI2bWxUMW1KcWkzdnp2a0pkZk9CczlCck1MeHF1UlFFVGJISzFVT3gxWHBHdDBuQnE4c0JGRVZQYWhzaGNoQ1lsVGloOEpINUhRPT0tLUtzLzRyTG4xeFlCK05DeUFpYlFSRUE9PQ%3D%3D--459e1507f51a3de1f15185f15c82f21329fac5a9; path=/; secure; HttpOnly
    Set-Cookie: SERVERID=varnish01; path=/
    X-Request-Id: 11037b1e-cda3-4265-9f08-040a0565ad44
    X-Runtime: 1.544333
    Accept-Ranges: bytes
    X-Varnish: 1189738706
    Age: 0
    Via: 1.1 varnish
    sc-request-id: e9003f96-5136-4225-a3cd-208e38bf77ba
    Vary: Accept-Encoding
    Content-Encoding: deflate
    sc-token-expires-in: 3597
    Content-Type: application/xml; charset=utf-8
    Content-Length: 99
    


LICENSE SYSTEM [2019131 10:33:50] Opening https://activation.unity3d.com/license.fcgi?CMD=9&TX=305ff20e9db5b4b8ca9d02ce7a9ebfa2&RX=GEN-70b787ca-0e82-46a9-b0fb-eec5f2f99d51


LICENSE SYSTEM [2019131 10:33:50] Posting <?xml version="1.0" encoding="UTF-8"?><root><SystemInfo><IsoCode>en</IsoCode><UserName>beatrix</UserName><OperatingSystem>Linux 4.20 unknown 64bit</OperatingSystem><OperatingSystemNumeric>420</OperatingSystemNumeric><ProcessorType>Intel(R) Core(TM) i5-4570 CPU @ 3.20GHz</ProcessorType><ProcessorSpeed>3470</ProcessorSpeed><ProcessorCount>4</ProcessorCount><ProcessorCores>4</ProcessorCores><PhysicalMemoryMB>7915</PhysicalMemoryMB><ComputerName>core</ComputerName><ComputerModel>PC</ComputerModel><UnityVersion>2017.4.19f1</UnityVersion><SupportedLicenseVersion>6.x</SupportedLicenseVersion></SystemInfo><License id="Terms"><MachineID Value="PhocYORv96B8O+pxe3uzOU2u7rI=" /><MachineBindings><Binding Key="1" Value="fa798bf1f09541fcaa8fd0bd8cb98e94" /><Binding Key="2" Value="fa798bf1f09541fcaa8fd0bd8cb98e94" /></MachineBindings><UnityVersion Value="2017.4.19f1" /></License></root>


LICENSE SYSTEM [2019131 10:33:52] Received https://activation.unity3d.com/license.fcgi?CMD=9&TX=305ff20e9db5b4b8ca9d02ce7a9ebfa2&RX=GEN-70b787ca-0e82-46a9-b0fb-eec5f2f99d51

LICENSE SYSTEM [2019131 10:33:52] Headers:
    HTTP/1.1 200 OK
    sc-request-id: b42342c6-55c7-48d7-92e1-9b24f4a84d79
    sc-token-expires-in: 3584
    Cache-Control: no-cache, no-store, must-revalidate
    Pragma: no-cache
    Expires: 0
    Vary: Accept-Encoding
    Content-Encoding: deflate
    Content-Type: text/xml
    Date: Thu, 31 Jan 2019 10:33:48 GMT
    Content-Length: 1070
    


LICENSE SYSTEM [2019131 10:33:52] License activated successfully with user: beatrixtrounson@gmail.com 


LICENSE SYSTEM [2019131 10:33:52] Next license update check is after 2019-02-01T10:33:48

/home/beatrix/Test
UpdateMenuTitleForLanguage: 10
Audio: FMOD Profiler initialized on port 54900
AudioManager: Using PulseAudio: Default Output Device
Loading GUID <-> Path mappings...0.000030 seconds
Loading Asset Database...0.000005 seconds
AssetDatabase consistency checks...0.000044 seconds
Refreshing native plugins compatible for Editor in 0.00 ms, found 0 plugins.
Preloading 0 native plugins for Editor in 0.00 ms.
[Package Manager] Resolving 4 packages:
[Package Manager]  * Package :  com.unity.ads@2.0.8
    (location: /home/beatrix/.config/unity3d/cache/packages/packages.unity.com/com.unity.ads@2.0.8)
[Package Manager]  * Package :  com.unity.analytics@2.0.13
    (location: /home/beatrix/.config/unity3d/cache/packages/packages.unity.com/com.unity.analytics@2.0.13)
[Package Manager]  * Package :  com.unity.purchasing@0.0.19
    (location: /home/beatrix/.config/unity3d/cache/packages/packages.unity.com/com.unity.purchasing@0.0.19)
[Package Manager]  * Package :  com.unity.standardevents@1.0.10
    (location: /home/beatrix/.config/unity3d/cache/packages/packages.unity.com/com.unity.standardevents@1.0.10)
[Package Manager] Resolve completed
IsTimeToCheckForNewEditor: Update time 0 current 1548930866
Initialize engine version: 2017.4.19f1 (47cd37c28be8)
Renderer: GeForce GTX 650 Ti BOOST/PCIe/SSE2
Vendor:   NVIDIA Corporation
Version:  4.5.0 NVIDIA 415.22.05
GLES:     0
 GL_AMD_multi_draw_indirect GL_AMD_seamless_cubemap_per_texture GL_ARB_arrays_of_arrays GL_ARB_base_instance GL_ARB_bindless_texture GL_ARB_blend_func_extended GL_ARB_buffer_storage GL_ARB_clear_buffer_object GL_ARB_clear_texture GL_ARB_clip_control GL_ARB_color_buffer_float GL_ARB_compressed_texture_pixel_storage GL_ARB_conservative_depth GL_ARB_compute_shader GL_ARB_compute_variable_group_size GL_ARB_conditional_render_inverted GL_ARB_copy_buffer GL_ARB_copy_image GL_ARB_cull_distance GL_ARB_debug_output GL_ARB_depth_buffer_float GL_ARB_depth_clamp GL_ARB_depth_texture GL_ARB_derivative_control GL_ARB_direct_state_access GL_ARB_draw_buffers GL_ARB_draw_buffers_blend GL_ARB_draw_indirect GL_ARB_draw_elements_base_vertex GL_ARB_draw_instanced GL_ARB_enhanced_layouts GL_ARB_ES2_compatibility GL_ARB_ES3_compatibility GL_ARB_ES3_1_compatibility GL_ARB_ES3_2_compatibility GL_ARB_explicit_attrib_location GL_ARB_explicit_uniform_location GL_ARB_fragment_coord_conventions GL_ARB_fragment_layer_viewport GL_ARB_fragm
ent_program GL_ARB_fragment_program_shadow GL_ARB_fragment_shader GL_ARB_framebuffer_no_attachments GL_ARB_framebuffer_object GL_ARB_framebuffer_sRGB GL_ARB_geometry_shader4 GL_ARB_get_program_binary GL_ARB_get_texture_sub_image GL_ARB_gl_spirv GL_ARB_gpu_shader5 GL_ARB_gpu_shader_fp64 GL_ARB_gpu_shader_int64 GL_ARB_half_float_pixel GL_ARB_half_float_vertex GL_ARB_imaging GL_ARB_indirect_parameters GL_ARB_instanced_arrays GL_ARB_internalformat_query GL_ARB_internalformat_query2 GL_ARB_invalidate_subdata GL_ARB_map_buffer_alignment GL_ARB_map_buffer_range GL_ARB_multi_bind GL_ARB_multi_draw_indirect GL_ARB_multisample GL_ARB_multitexture GL_ARB_occlusion_query GL_ARB_occlusion_query2 GL_ARB_parallel_shader_compile GL_ARB_pipeline_statistics_query GL_ARB_pixel_buffer_object GL_ARB_point_parameters GL_ARB_point_sprite GL_ARB_polygon_offset_clamp GL_ARB_program_interface_query GL_ARB_provoking_vertex GL_ARB_query_buffer_object GL_ARB_robust_buffer_access_behavior GL_ARB_robustness GL_ARB_sample_shading GL_ARB_sa
mpler_objects GL_ARB_seamless_cube_map GL_ARB_seamless_cubemap_per_texture GL_ARB_separate_shader_objects GL_ARB_shader_atomic_counter_ops GL_ARB_shader_atomic_counters GL_ARB_shader_ballot GL_ARB_shader_bit_encoding GL_ARB_shader_clock GL_ARB_shader_draw_parameters GL_ARB_shader_group_vote GL_ARB_shader_image_load_store GL_ARB_shader_image_size GL_ARB_shader_objects GL_ARB_shader_precision GL_ARB_shader_storage_buffer_object GL_ARB_shader_subroutine GL_ARB_shader_texture_image_samples GL_ARB_shader_texture_lod GL_ARB_shading_language_100 GL_ARB_shading_language_420pack GL_ARB_shading_language_include GL_ARB_shading_language_packing GL_ARB_shadow GL_ARB_sparse_buffer GL_ARB_sparse_texture GL_ARB_spirv_extensions GL_ARB_stencil_texturing GL_ARB_sync GL_ARB_tessellation_shader GL_ARB_texture_barrier GL_ARB_texture_border_clamp GL_ARB_texture_buffer_object GL_ARB_texture_buffer_object_rgb32 GL_ARB_texture_buffer_range GL_ARB_texture_compression GL_ARB_texture_compression_bptc GL_ARB_texture_compression_rgtc GL_
ARB_texture_cube_map GL_ARB_texture_cube_map_array GL_ARB_texture_env_add GL_ARB_texture_env_combine GL_ARB_texture_env_crossbar GL_ARB_texture_env_dot3 GL_ARB_texture_filter_anisotropic GL_ARB_texture_float GL_ARB_texture_gather GL_ARB_texture_mirror_clamp_to_edge GL_ARB_texture_mirrored_repeat GL_ARB_texture_multisample GL_ARB_texture_non_power_of_two GL_ARB_texture_query_levels GL_ARB_texture_query_lod GL_ARB_texture_rectangle GL_ARB_texture_rg GL_ARB_texture_rgb10_a2ui GL_ARB_texture_stencil8 GL_ARB_texture_storage GL_ARB_texture_storage_multisample GL_ARB_texture_swizzle GL_ARB_texture_view GL_ARB_timer_query GL_ARB_transform_feedback2 GL_ARB_transform_feedback3 GL_ARB_transform_feedback_instanced GL_ARB_transform_feedback_overflow_query GL_ARB_transpose_matrix GL_ARB_uniform_buffer_object GL_ARB_vertex_array_bgra GL_ARB_vertex_array_object GL_ARB_vertex_attrib_64bit GL_ARB_vertex_attrib_binding GL_ARB_vertex_buffer_object GL_ARB_vertex_program GL_ARB_vertex_shader GL_ARB_vertex_type_10f_11f_11f_rev GL_
ARB_vertex_type_2_10_10_10_rev GL_ARB_viewport_array GL_ARB_window_pos GL_ATI_draw_buffers GL_ATI_texture_float GL_ATI_texture_mirror_once GL_S3_s3tc GL_EXT_texture_env_add GL_EXT_abgr GL_EXT_bgra GL_EXT_bindable_uniform GL_EXT_blend_color GL_EXT_blend_equation_separate GL_EXT_blend_func_separate GL_EXT_blend_minmax GL_EXT_blend_subtract GL_EXT_compiled_vertex_array GL_EXT_Cg_shader GL_EXT_depth_bounds_test GL_EXT_direct_state_access GL_EXT_draw_buffers2 GL_EXT_draw_instanced GL_EXT_draw_range_elements GL_EXT_fog_coord GL_EXT_framebuffer_blit GL_EXT_framebuffer_multisample GL_EXTX_framebuffer_mixed_formats GL_EXT_framebuffer_multisample_blit_scaled GL_EXT_framebuffer_object GL_EXT_framebuffer_sRGB GL_EXT_geometry_shader4 GL_EXT_gpu_program_parameters GL_EXT_gpu_shader4 GL_EXT_multi_draw_arrays GL_EXT_packed_depth_stencil GL_EXT_packed_float GL_EXT_packed_pixels GL_EXT_pixel_buffer_object GL_EXT_point_parameters GL_EXT_polygon_offset_clamp GL_EXT_provoking_vertex GL_EXT_rescale_normal GL_EXT_secondary_color G
L_EXT_separate_shader_objects GL_EXT_separate_specular_color GL_EXT_shader_image_load_store GL_EXT_shader_integer_mix GL_EXT_shadow_funcs GL_EXT_stencil_two_side GL_EXT_stencil_wrap GL_EXT_texture3D GL_EXT_texture_array GL_EXT_texture_buffer_object GL_EXT_texture_compression_dxt1 GL_EXT_texture_compression_latc GL_EXT_texture_compression_rgtc GL_EXT_texture_compression_s3tc GL_EXT_texture_cube_map GL_EXT_texture_edge_clamp GL_EXT_texture_env_combine GL_EXT_texture_env_dot3 GL_EXT_texture_filter_anisotropic GL_EXT_texture_integer GL_EXT_texture_lod GL_EXT_texture_lod_bias GL_EXT_texture_mirror_clamp GL_EXT_texture_object GL_EXT_texture_shared_exponent GL_EXT_texture_sRGB GL_EXT_texture_sRGB_R8 GL_EXT_texture_sRGB_decode GL_EXT_texture_storage GL_EXT_texture_swizzle GL_EXT_timer_query GL_EXT_transform_feedback2 GL_EXT_vertex_array GL_EXT_vertex_array_bgra GL_EXT_vertex_attrib_64bit GL_EXT_window_rectangles GL_EXT_x11_sync_object GL_EXT_import_sync_object GL_NV_robustness_video_memory_purge GL_IBM_rasterpos_cli
p GL_IBM_texture_mirrored_repeat GL_KHR_context_flush_control GL_KHR_debug GL_EXT_memory_object GL_EXT_memory_object_fd GL_KHR_parallel_shader_compile GL_KHR_no_error GL_KHR_robust_buffer_access_behavior GL_KHR_robustness GL_EXT_semaphore GL_EXT_semaphore_fd GL_KTX_buffer_region GL_NV_alpha_to_coverage_dither_control GL_NV_bindless_multi_draw_indirect GL_NV_bindless_multi_draw_indirect_count GL_NV_bindless_texture GL_NV_blend_equation_advanced GL_NV_blend_square GL_NV_command_list GL_NV_compute_program5 GL_NV_conditional_render GL_NV_copy_depth_to_color GL_NV_copy_image GL_NV_depth_buffer_float GL_NV_depth_clamp GL_NV_draw_texture GL_NV_draw_vulkan_image GL_NV_ES1_1_compatibility GL_NV_ES3_1_compatibility GL_NV_explicit_multisample GL_NV_feature_query GL_NV_fence GL_NV_float_buffer GL_NV_fog_distance GL_NV_fragment_program GL_NV_fragment_program_option GL_NV_fragment_program2 GL_NV_framebuffer_multisample_coverage GL_NV_geometry_shader4 GL_NV_gpu_program4 GL_NV_internalformat_sample_query GL_NV_gpu_program4_
1 GL_NV_gpu_program5 GL_NV_gpu_program5_mem_extended GL_NV_gpu_program_fp64 GL_NV_gpu_shader5 GL_NV_half_float GL_NV_light_max_exponent GL_NV_multisample_coverage GL_NV_multisample_filter_hint GL_NV_occlusion_query GL_NV_packed_depth_stencil GL_NV_parameter_buffer_object GL_NV_parameter_buffer_object2 GL_NV_path_rendering GL_NV_pixel_data_range GL_NV_point_sprite GL_NV_primitive_restart GL_NV_query_resource GL_NV_query_resource_tag GL_NV_register_combiners GL_NV_register_combiners2 GL_NV_shader_atomic_counters GL_NV_shader_atomic_float GL_NV_shader_buffer_load GL_NV_shader_storage_buffer_object GL_NV_texgen_reflection GL_NV_texture_barrier GL_NV_texture_compression_vtc GL_NV_texture_env_combine4 GL_NV_texture_multisample GL_NV_texture_rectangle GL_NV_texture_rectangle_compressed GL_NV_texture_shader GL_NV_texture_shader2 GL_NV_texture_shader3 GL_NV_transform_feedback GL_NV_transform_feedback2 GL_NV_uniform_buffer_unified_memory GL_NV_vdpau_interop GL_NV_vertex_array_range GL_NV_vertex_array_range2 GL_NV_vert
ex_attrib_integer_64bit GL_NV_vertex_buffer_unified_memory GL_NV_vertex_program GL_NV_vertex_program1_1 GL_NV_vertex_program2 GL_NV_vertex_program2_option GL_NV_vertex_program3 GL_NVX_conditional_render GL_NVX_gpu_memory_info GL_NVX_nvenc_interop GL_NV_shader_thread_group GL_NV_shader_thread_shuffle GL_KHR_blend_equation_advanced GL_OVR_multiview GL_OVR_multiview2 GL_SGIS_generate_mipmap GL_SGIS_texture_lod GL_SGIX_depth_texture GL_SGIX_shadow GL_SUN_slice_accum
OPENGL LOG: Creating OpenGL 4.5 graphics device ; Context level  <OpenGL 4.5> ; Context handle -243388088
Initialize mono
Mono path[0] = '/opt/UnityLts/Editor/Data/Managed'
Mono path[1] = '/opt/UnityLts/Editor/Data/Mono/lib/mono/2.0'
Mono config path = '/opt/UnityLts/Editor/Data/Mono/etc'
Using monoOptions --debugger-agent=transport=dt_socket,embedding=1,defer=y,address=0.0.0.0:56909
Begin MonoManager ReloadAssembly
Initializing Unity.PackageManager (PackageManager) v2017.4.19 for Unity v2017.4.19f1
Registering precompiled unity dll's ...
Register platform support module: /opt/UnityLts/Editor/Data/PlaybackEngines/LinuxStandaloneSupport/UnityEditor.LinuxStandalone.Extensions.dll
Registered in 0.001630 seconds.
Registering platform support modules:
Registered platform support modules in: 0.1287484s.
Native extension for LinuxStandalone target not found
Refreshing native plugins compatible for Editor in 0.00 ms, found 0 plugins.
Preloading 0 native plugins for Editor in 0.00 ms.
Mono: successfully reloaded assembly
- Completed reload, in  0.811 seconds
Platform modules already initialized, skipping
Begin MonoManager ReloadAssembly
Registering precompiled user dll's ...
Registered in 0.005787 seconds.
Initializing Unity.PackageManager (PackageManager) v2017.4.19 for Unity v2017.4.19f1
Registering platform support modules:
Registered platform support modules in: 0.076928s.
Native extension for LinuxStandalone target not found
Refreshing native plugins compatible for Editor in 0.01 ms, found 0 plugins.
Preloading 0 native plugins for Editor in 0.00 ms.
Mono: successfully reloaded assembly
- Completed reload, in  0.713 seconds
Platform modules already initialized, skipping
Validating Project structure ... 0.000058 seconds.
Shader import version has changed; will reimport all shaders...
Upgrading shader files ...0.000039 seconds.
Refresh: detecting if any assets need to be imported or removed ... 
Hashing assets ... 0.070 seconds
  file open: 0.003 seconds (110 files)
  file read: 0.059 seconds (28.624 MB)
  hash: 0.028 seconds
----- Compute hash(es) for 55 asset(s).

*** 35b4e72ca46f44581b85082c4dc21d13 replaces 5559b89105ec9453aa64d30e374d64cc at path packages/com.unity.ads/changelog.md 
*** b32abd1c9d73a4cce8389f084ac12b11 replaces 38750ca1de4d84dc2ac0af31dc726d21 at path packages/com.unity.ads/editor/resources/android/builds/unity-ads.aar 
*** 10bf81265ad87424d946598c575f45a0 replaces 46f06463505584d1582db132228dcdba at path packages/com.unity.ads/editor/resources/editor/landscape.jpg 
*** 1b32bcce201b4494ea8848326290c5d5 replaces 651ec15a9c7814aabb323cb2f4297d55 at path packages/com.unity.ads/editor/resources/editor/portrait.jpg 
*** 7927683d1fc5848b5abfb54ebb1028ec replaces e13474278d7b440c9884d6a71f46f87f at path packages/com.unity.ads/editor/resources/ios/builds/unityads.framework/headers/uadsinapppurchasemetadata.h 
*** 1322fd896bbb15bb6e335591b766ae62 replaces 502a046b1f3644812a45e0bfbbff1b77 at path packages/com.unity.ads/editor/resources/ios/builds/unityads.framework/headers/uadsjsonstorage.h 
*** b52e557db2c2b4eebb10444f1d582029 replaces 1b2c6ce0abc7740049e738e7b6d409ba at path packages/com.unity.ads/editor/resources/ios/builds/unityads.framework/headers/uadsmediationmetadata.h 
*** 86c008322e7c647149878156c5b81940 replaces d02bc92d39e054ddf8021b4ccc463e04 at path packages/com.unity.ads/editor/resources/ios/builds/unityads.framework/headers/uadsmetadata.h 
*** 453f100e6bdae4dfd9e655927819dc85 replaces da632aa038fbf405d8857a65e1ede3f9 at path packages/com.unity.ads/editor/resources/ios/builds/unityads.framework/headers/uadsplayermetadata.h 
*** c99bfe4fc4e5c4dc3917c14075acd117 replaces 5c57c4a9acf9a4a1fa58da52f494e4e7 at path packages/com.unity.ads/editor/resources/ios/builds/unityads.framework/headers/unityads.h 
*** a6842a74831964edc8fefa1c0aed89dc replaces ec0cccd255060466babec4fcd5fcf208 at path packages/com.unity.ads/editor/resources/ios/builds/unityads.framework/headers/unityadsextended.h 
*** ce4395ccdb12cf62fca756358be1a892 replaces 3b4436961f9954c85b8df70e97cadbf4 at path packages/com.unity.ads/editor/resources/ios/builds/unityads.framework/headers/unityadsunitydelegate.h 
*** cc1b50b5501f748da8bec762294d9136 replaces 00ac5edb88c524713918f2ac9460fdee at path packages/com.unity.ads/editor/resources/ios/builds/unityads.framework/info.plist 
*** c5ba7626a737840ff88a3bd84b100482 replaces 6a87413d79744471daf6ea20fd6db078 at path packages/com.unity.ads/editor/resources/ios/builds/unityads.framework/modules/module.modulemap 
*** d1c1a2d988f5148fd9ab17b2460d271e replaces 34be6446fb2864a2695e98c554114348 at path packages/com.unity.ads/editor/resources/ios/builds/unityads.framework/unityads 
*** a342381d77833427fa10621e38fbae10 replaces a451d5badda134dc6ad0f8366198e247 at path packages/com.unity.ads/editor/unityeditor.advertisements.dll 
*** 6597c6ea86d36477081342001145d8d9 replaces 62c5d4615c9834c8d816dbaf6bf0ecb7 at path packages/com.unity.ads/editor/unityeditor.advertisements.dll.mdb 
*** 4c6fe94acbb24417c988bab18cbd5209 replaces 81300cd0092d9453a9166213a1f06f34 at path packages/com.unity.ads/license.md 
*** 62772aad98ed04f0d955b7d20de61f7f replaces e479496998dfb4b348a97ae427300de7 at path packages/com.unity.ads/readme.md 
*** 3b07d432cba2a4c4f8a2fdea984620b8 replaces ca3053d78bb8d4a85b3c94e2339707bf at path packages/com.unity.ads/unityengine.advertisements.dll 
*** 5e57a6c62c1ec47d0bceb70495845164 replaces a42fe3c1335614fa0a77389b14eff1d0 at path packages/com.unity.ads/unityengine.advertisements.dll.mdb 
*** dced8f6ea9f964e8e8e61574ea889d21 replaces 2902ea400caba4428b4365c742713b11 at path packages/com.unity.ads/package.json 
*** bcd27da1c9ae94d2cafe094482a20792 replaces a42f3b8e56c7d48299af50f1504f7ddd at path packages/com.unity.analytics/changelog.md 
*** 4e7c9ab97e5884e4eaa5967e9024f39c replaces 1278a6462204f4df483e6526198ba52d at path packages/com.unity.analytics/editor/analyticseventtracker icon.png 
*** 224ede67b4f3a4109bfec4d5cb161b05 replaces 15c65f1d0c35446b898a38c27fabdfd3 at path packages/com.unity.analytics/editor/unityeditor.analytics.dll 
*** fec197bad419341558f81f2ec8a05e18 replaces 2b0922b90b4344d50b82544a7f58ab2b at path packages/com.unity.analytics/editor/unityeditor.analytics.dll.mdb 
*** 15bf9c691b85b41a39c18bee2f87e21b replaces 7f94a2ce517c04847a857512bff10cab at path packages/com.unity.analytics/license.md 
*** 884f8f0e4025a420893d3a8d1d3063e1 replaces 485e7cff54dd849888f14fba1d1bf11f at path packages/com.unity.analytics/readme.md 
*** 220224b43fc464c28bc0e8de8f54a432 replaces 8e97321c2f18f48b59da721def34a5f7 at path packages/com.unity.analytics/unityengine.analytics.dll 
*** d607a67dc772b484da060e66a3d61a4e replaces e033ebfa62559430da4d39734c1a248f at path packages/com.unity.analytics/unityengine.analytics.dll.mdb 
*** 510d1d319d2754ea4a47c6dd8c421ea0 replaces d448992c5b9ed472d994811cf6eaaba3 at path packages/com.unity.analytics/package.json 
*** f1045c695c5bf4fb7b8509687bc60fc0 replaces e01c59fce7ca24c4294b3a62827cba8b at path packages/com.unity.purchasing/editor/unityeditor.purchasing.dll 
*** 9de9e8523c82543c5b3e40a4b51aa2c9 replaces 0e3484869f49e4972af80cfb17fb9fb0 at path packages/com.unity.purchasing/editor/unityeditor.purchasing.dll.mdb 
*** 90791303b72ec4ae198f99d637dfdf6c replaces 257217efbb35441f38f4d3294b1538c3 at path packages/com.unity.purchasing/readme.md 
*** b5f4343795a0e4626ac1fe4a9e6fce59 replaces bb2be2de86fd041aa8df10b99498e8ad at path packages/com.unity.purchasing/unityengine.purchasing.dll 
*** 86c18994495874297b469aaa57ef9b44 replaces 2be77dbbf00794bc683a19b9f499401e at path packages/com.unity.purchasing/unityengine.purchasing.dll.mdb 
*** 44f39a74ca5ee4bf5936b17e901f251c replaces d701c1a0b409a4414bb75c13d8d2aebb at path packages/com.unity.purchasing/package.json 
*** 76349cec627454d3a80423a2eeaf0e63 replaces cd1bc27646d8d468ba4091ad19799d23 at path packages/com.unity.standardevents/changelog.md 
*** 15be9c691b85a41a39c18beeff87e21b replaces 19ea9375856ce4f139d32b3e316dd1e7 at path packages/com.unity.standardevents/license.md 
*** 0621b4aab2236437592f1f292cb81d20 replaces 841a072fd70754e41a63ad038ae8547e at path packages/com.unity.standardevents/readme.md 
*** dce91326f102345f3ba2f0987c0679c2 replaces b4184cba3cc3649659d864c92108e55b at path packages/com.unity.standardevents/unityengine.standardevents.dll 
*** 36e8bb3feb5e6402185947b817a6ed8d replaces c699847d14ca345cc8813c173afa7f2b at path packages/com.unity.standardevents/unityengine.standardevents.dll.mdb 
*** 84aec3c9054b3402293139f2c0bc1029 replaces e8c23aef129bc4c6e9c329a7f846e957 at path packages/com.unity.standardevents/package.json 
Refresh: elapses 0.139476 seconds
Refresh: trashing asset 2902ea400caba4428b4365c742713b11
Refresh: trashing asset d701c1a0b409a4414bb75c13d8d2aebb
Refresh: trashing asset da632aa038fbf405d8857a65e1ede3f9
Refresh: trashing asset 81300cd0092d9453a9166213a1f06f34
Refresh: trashing asset 1b2c6ce0abc7740049e738e7b6d409ba
Refresh: trashing asset 62c5d4615c9834c8d816dbaf6bf0ecb7
Refresh: trashing asset 5559b89105ec9453aa64d30e374d64cc
Refresh: trashing asset 38750ca1de4d84dc2ac0af31dc726d21
Refresh: trashing asset a42fe3c1335614fa0a77389b14eff1d0
Refresh: trashing asset ec0cccd255060466babec4fcd5fcf208
Refresh: trashing asset 46f06463505584d1582db132228dcdba
Refresh: trashing asset 19ea9375856ce4f139d32b3e316dd1e7
Refresh: trashing asset 34be6446fb2864a2695e98c554114348
Refresh: trashing asset 1278a6462204f4df483e6526198ba52d
Refresh: trashing asset cd1bc27646d8d468ba4091ad19799d23
Refresh: trashing asset 0e3484869f49e4972af80cfb17fb9fb0
Refresh: trashing asset 3b4436961f9954c85b8df70e97cadbf4
Refresh: trashing asset e13474278d7b440c9884d6a71f46f87f
Refresh: trashing asset ca3053d78bb8d4a85b3c94e2339707bf
Refresh: trashing asset e479496998dfb4b348a97ae427300de7
Refresh: trashing asset 5c57c4a9acf9a4a1fa58da52f494e4e7
Refresh: trashing asset 2b0922b90b4344d50b82544a7f58ab2b
Refresh: trashing asset 651ec15a9c7814aabb323cb2f4297d55
Refresh: trashing asset a451d5badda134dc6ad0f8366198e247
Refresh: trashing asset b4184cba3cc3649659d864c92108e55b
Refresh: trashing asset e033ebfa62559430da4d39734c1a248f
Refresh: trashing asset 502a046b1f3644812a45e0bfbbff1b77
Refresh: trashing asset 2be77dbbf00794bc683a19b9f499401e
Refresh: trashing asset 00ac5edb88c524713918f2ac9460fdee
Refresh: trashing asset 8e97321c2f18f48b59da721def34a5f7
Refresh: trashing asset d448992c5b9ed472d994811cf6eaaba3
Refresh: trashing asset e01c59fce7ca24c4294b3a62827cba8b
Refresh: trashing asset 15c65f1d0c35446b898a38c27fabdfd3
Refresh: trashing asset d02bc92d39e054ddf8021b4ccc463e04
Refresh: trashing asset 6a87413d79744471daf6ea20fd6db078
Refresh: trashing asset c699847d14ca345cc8813c173afa7f2b
Refresh: trashing asset a42f3b8e56c7d48299af50f1504f7ddd
Refresh: trashing asset 7f94a2ce517c04847a857512bff10cab
Refresh: trashing asset bb2be2de86fd041aa8df10b99498e8ad
Refresh: trashing asset 841a072fd70754e41a63ad038ae8547e
Refresh: trashing asset 257217efbb35441f38f4d3294b1538c3
Refresh: trashing asset e8c23aef129bc4c6e9c329a7f846e957
Refresh: trashing asset 485e7cff54dd849888f14fba1d1bf11f
Updating Assets - GUID: 00000000000000001000000000000000...
 done. [Time: 40.699000 ms] 
Updating ProjectSettings/InputManager.asset - GUID: 00000000000000002000000000000000...
 done. [Time: 2.192000 ms] 
Updating ProjectSettings/TagManager.asset - GUID: 00000000000000003000000000000000...
 done. [Time: 2.117000 ms] 
Updating ProjectSettings/ProjectSettings.asset - GUID: 00000000000000004000000000000000...
 done. [Time: 8.814000 ms] 
Updating ProjectSettings/NavMeshAreas.asset - GUID: 00000000000000004100000000000000...
 done. [Time: 1.551000 ms] 
Updating Library/BuildPlayer.prefs - GUID: 00000000000000005000000000000000...
 done. [Time: 3.452000 ms] 
Updating ProjectSettings/Physics2DSettings.asset - GUID: 00000000000000005100000000000000...
 done. [Time: 2.431000 ms] 
Updating ProjectSettings/AudioManager.asset - GUID: 00000000000000006000000000000000...
Audio: FMOD Profiler initialized on port 54900
AudioManager: Using PulseAudio: Default Output Device
 done. [Time: 24.389000 ms] 
Updating ProjectSettings/GraphicsSettings.asset - GUID: 00000000000000006100000000000000...
 done. [Time: 1.649000 ms] 
Updating ProjectSettings/TimeManager.asset - GUID: 00000000000000007000000000000000...
 done. [Time: 1.408000 ms] 
Updating ProjectSettings/ClusterInputManager.asset - GUID: 00000000000000007100000000000000...
 done. [Time: 1.401000 ms] 
Updating ProjectSettings/DynamicsManager.asset - GUID: 00000000000000008000000000000000...
 done. [Time: 1.676000 ms] 
Updating ProjectSettings/QualitySettings.asset - GUID: 00000000000000009000000000000000...
 done. [Time: 2.084000 ms] 
Updating ProjectSettings/NetworkManager.asset - GUID: 0000000000000000a000000000000000...
 done. [Time: 1.707000 ms] 
Updating ProjectSettings/UnityConnectSettings.asset - GUID: 0000000000000000a100000000000000...
 done. [Time: 1.387000 ms] 
Updating ProjectSettings/EditorBuildSettings.asset - GUID: 0000000000000000b000000000000000...
 done. [Time: 1.198000 ms] 
Updating ProjectSettings/EditorSettings.asset - GUID: 0000000000000000c000000000000000...
 done. [Time: 1.182000 ms] 
Updating Packages/com.unity.ads - GUID: 319bd3f97f16643f7a9bb11c63237a1c...
 done. [Time: 0.929000 ms] 
Updating Packages/com.unity.purchasing - GUID: 62d0d87fb8de34ae199e9c09a98a9cd5...
 done. [Time: 0.809000 ms] 
Updating Packages/com.unity.standardevents - GUID: bfb7003ec0aa44dea9e556dd97f2cb23...
 done. [Time: 0.958000 ms] 
Updating Packages/com.unity.analytics - GUID: d4757af16f5d44a1fb2a3e79b62f339a...
 done. [Time: 0.873000 ms] 
Updating Packages/com.unity.standardevents/UnityEngine.StandardEvents.dll.mdb - GUID: 36e8bb3feb5e6402185947b817a6ed8d...
 done. [Time: 1.159000 ms] 
Updating Packages/com.unity.ads/UnityEngine.Advertisements.dll.mdb - GUID: 5e57a6c62c1ec47d0bceb70495845164...
 done. [Time: 1.189000 ms] 
Updating Packages/com.unity.analytics/Documentation - GUID: 767e839a2666a42d983d4fa667949f15...
 done. [Time: 0.935000 ms] 
Updating Packages/com.unity.analytics/Editor - GUID: 7fd5e77e7e7ea4eea8198138cd9cc814...
 done. [Time: 1.198000 ms] 
Updating Packages/com.unity.purchasing/UnityEngine.Purchasing.dll.mdb - GUID: 86c18994495874297b469aaa57ef9b44...
 done. [Time: 1.797000 ms] 
Updating Packages/com.unity.ads/Editor - GUID: a37e18887fa954edf92bc36bc353b879...
 done. [Time: 1.522000 ms] 
Updating Packages/com.unity.analytics/UnityEngine.Analytics.dll.mdb - GUID: d607a67dc772b484da060e66a3d61a4e...
 done. [Time: 1.046000 ms] 
Updating Packages/com.unity.purchasing/Editor - GUID: d929147d9f78c487397abb40f2c257b0...
 done. [Time: 0.915000 ms] 
Updating Packages/com.unity.standardevents/Documentation - GUID: df3441586d25a43e0998c178a15fbba7...
 done. [Time: 0.907000 ms] 
Updating Packages/com.unity.ads/Editor/UnityEditor.Advertisements.dll.mdb - GUID: 6597c6ea86d36477081342001145d8d9...
 done. [Time: 1.053000 ms] 
Updating Packages/com.unity.ads/Editor/Resources - GUID: 7c3a5d6e39b874f468b2691537168513...
 done. [Time: 0.971000 ms] 
Updating Packages/com.unity.purchasing/Editor/UnityEditor.Purchasing.dll.mdb - GUID: 9de9e8523c82543c5b3e40a4b51aa2c9...
 done. [Time: 1.121000 ms] 
Updating Packages/com.unity.analytics/Editor/UnityEditor.Analytics.dll.mdb - GUID: fec197bad419341558f81f2ec8a05e18...
 done. [Time: 1.073000 ms] 
Updating Packages/com.unity.ads/Editor/Resources/Android - GUID: 48986928cc2a449dbaecdd1654bc9bf6...
 done. [Time: 1.050000 ms] 
Updating Packages/com.unity.ads/Editor/Resources/iOS - GUID: 4f234578336894dc081edf696f2ff5f2...
 done. [Time: 0.944000 ms] 
Updating Packages/com.unity.ads/Editor/Resources/Editor - GUID: 99ddb49592ff84811804420a1910cb89...
 done. [Time: 0.893000 ms] 
Updating Packages/com.unity.ads/Editor/Resources/iOS/builds - GUID: 2d4d46c70fdd242668a56e99799e8540...
 done. [Time: 0.883000 ms] 
Updating Packages/com.unity.ads/Editor/Resources/Android/builds - GUID: f28fcced5af094cf78eb4e1109a71981...
 done. [Time: 0.916000 ms] 
Updating Packages/com.unity.ads/Editor/Resources/iOS/builds/UnityAds.framework - GUID: eeed6954b3c264ca0b28a92aa6289bf0...
 done. [Time: 1.809000 ms] 
Updating Packages/com.unity.ads/Editor/Resources/iOS/builds/UnityAds.framework/Modules - GUID: 3cebe1a96232b44388b30b2f72dde434...
 done. [Time: 1.602000 ms] 
Updating Packages/com.unity.ads/Editor/Resources/iOS/builds/UnityAds.framework/Headers - GUID: 6e7c8cfeedae74eb3a562055e069e441...
 done. [Time: 1.431000 ms] 
Updating Packages/com.unity.ads/Editor/Resources/iOS/builds/UnityAds.framework/Info.plist - GUID: cc1b50b5501f748da8bec762294d9136...
 done. [Time: 0.992000 ms] 
Updating Packages/com.unity.ads/Editor/Resources/iOS/builds/UnityAds.framework/UnityAds - GUID: d1c1a2d988f5148fd9ab17b2460d271e...
 done. [Time: 0.923000 ms] 
Updating Packages/com.unity.ads/Editor/Resources/iOS/builds/UnityAds.framework/Headers/UADSJsonStorage.h - GUID: 1322fd896bbb15bb6e335591b766ae62...
 done. [Time: 1.069000 ms] 
Updating Packages/com.unity.ads/Editor/Resources/iOS/builds/UnityAds.framework/Headers/UADSPlayerMetaData.h - GUID: 453f100e6bdae4dfd9e655927819dc85...
 done. [Time: 0.956000 ms] 
Updating Packages/com.unity.ads/Editor/Resources/iOS/builds/UnityAds.framework/Headers/UADSInAppPurchaseMetaData.h - GUID: 7927683d1fc5848b5abfb54ebb1028ec...
 done. [Time: 0.961000 ms] 
Updating Packages/com.unity.ads/Editor/Resources/iOS/builds/UnityAds.framework/Headers/UADSMetaData.h - GUID: 86c008322e7c647149878156c5b81940...
 done. [Time: 0.986000 ms] 
Updating Packages/com.unity.ads/Editor/Resources/iOS/builds/UnityAds.framework/Headers/UnityAdsExtended.h - GUID: a6842a74831964edc8fefa1c0aed89dc...
 done. [Time: 1.033000 ms] 
Updating Packages/com.unity.ads/Editor/Resources/iOS/builds/UnityAds.framework/Headers/UADSMediationMetaData.h - GUID: b52e557db2c2b4eebb10444f1d582029...
 done. [Time: 1.252000 ms] 
Updating Packages/com.unity.ads/Editor/Resources/iOS/builds/UnityAds.framework/Modules/module.modulemap - GUID: c5ba7626a737840ff88a3bd84b100482...
 done. [Time: 1.154000 ms] 
Updating Packages/com.unity.ads/Editor/Resources/iOS/builds/UnityAds.framework/Headers/UnityAds.h - GUID: c99bfe4fc4e5c4dc3917c14075acd117...
 done. [Time: 1.075000 ms] 
Updating Packages/com.unity.ads/Editor/Resources/iOS/builds/UnityAds.framework/Headers/UnityAdsUnityDelegate.h - GUID: ce4395ccdb12cf62fca756358be1a892...
 done. [Time: 1.054000 ms] 
Updating /opt/UnityLts/Editor/Data/UnityExtensions/Unity/VR/OSXUniversal/AudioPluginOculusSpatializer.bundle - GUID: 32188fd89022c154c81befa2f0e00be0...
 done. [Time: 1.777000 ms] 
Updating /opt/UnityLts/Editor/Data/UnityExtensions/Unity/VR/OSXUniversal/OVRPlugin.bundle - GUID: 5782f9e9e6e0bb94bac99aeea24814fc...
 done. [Time: 1.672000 ms] 
Updating /opt/UnityLts/Editor/Data/UnityExtensions/Unity/VR/OSXUniversal/openvr_api.bundle - GUID: d33d54853fd0f48e0ac8a63ea91e6626...
 done. [Time: 1.970000 ms] 
Updating /opt/UnityLts/Editor/Data/UnityExtensions/Unity/UnityHoloLens/Editor/UnityEditor.HoloLens.dll - GUID: 12fd8a0055b84bb59e84c9835a37e333...
 done. [Time: 75.988000 ms] 
Updating /opt/UnityLts/Editor/Data/UnityExtensions/Unity/UnityHoloLens/RuntimeEditor/UnityEngine.HoloLens.dll - GUID: 1c6d1fbb51834b64847b1b73a75bfc77...
 done. [Time: 9.380000 ms] 
Updating Packages/com.unity.analytics/UnityEngine.Analytics.dll - GUID: 220224b43fc464c28bc0e8de8f54a432...
 done. [Time: 18.056000 ms] 
Updating Packages/com.unity.analytics/Editor/UnityEditor.Analytics.dll - GUID: 224ede67b4f3a4109bfec4d5cb161b05...
 done. [Time: 33.596000 ms] 
Updating /opt/UnityLts/Editor/Data/UnityExtensions/Unity/UnitySpatialTracking/RuntimeEditor/UnityEngine.SpatialTracking.dll - GUID: 3a84de5cd0624681b6b6dcd8921d912a...
 done. [Time: 3.201000 ms] 
Updating Packages/com.unity.ads/UnityEngine.Advertisements.dll - GUID: 3b07d432cba2a4c4f8a2fdea984620b8...
 done. [Time: 25.801000 ms] 
Updating /opt/UnityLts/Editor/Data/UnityExtensions/Unity/TestRunner/Editor/UnityEditor.TestRunner.dll - GUID: 4113173d5e95493ab8765d7b08371de4...
 done. [Time: 40.412000 ms] 
Updating /opt/UnityLts/Editor/Data/UnityExtensions/Unity/UnityGoogleAudioSpatializer/Editor/UnityEditor.GoogleAudioSpatializer.dll - GUID: 4a3ecb1425d14502837abea459cf2b70...
 done. [Time: 22.558000 ms] 
Updating /opt/UnityLts/Editor/Data/UnityExtensions/Unity/TestRunner/net35/unity-custom/nunit.framework.dll - GUID: 4b3fa4bde7f1451a8218c03ee6a8ded8...
 done. [Time: 23.459000 ms] 
Updating /opt/UnityLts/Editor/Data/UnityExtensions/Unity/UnityVR/Editor/UnityEditor.VR.dll - GUID: 4ba2329b63d54f0187bcaa12486b1b0f...
 done. [Time: 3.166000 ms] 
Updating /opt/UnityLts/Editor/Data/UnityExtensions/Unity/TestRunner/UnityEngine.TestRunner.dll - GUID: 53ebcfaa2e1e4e2dbc85882cd5a73fa1...
 done. [Time: 27.056000 ms] 
Updating /opt/UnityLts/Editor/Data/UnityExtensions/Unity/Networking/Editor/UnityEditor.Networking.dll - GUID: 5f32cd94baa94578a686d4b9d6b660f7...
 done. [Time: 26.626000 ms] 
Updating /opt/UnityLts/Editor/Data/UnityExtensions/Unity/Timeline/Runtime/UnityEngine.Timeline.dll - GUID: 6a10b2909283487f913b00d94cd3faf5...
 done. [Time: 31.623000 ms] 
Updating /opt/UnityLts/Editor/Data/UnityExtensions/Unity/Timeline/Editor/UnityEditor.Timeline.dll - GUID: 7668179ede524d6396c8b7d84461ea29...
 done. [Time: 42.000000 ms] 
Updating /opt/UnityLts/Editor/Data/UnityExtensions/Unity/GUISystem/Editor/UnityEditor.UI.dll - GUID: 80a3616ca19596e4da0f10f14d241e9f...
 done. [Time: 35.624000 ms] 
Updating /opt/UnityLts/Editor/Data/UnityExtensions/Unity/Timeline/RuntimeEditor/UnityEngine.Timeline.dll - GUID: 844f815391db42d49455cbf1a7bfc434...
 done. [Time: 29.867000 ms] 
Updating /opt/UnityLts/Editor/Data/UnityExtensions/Unity/Networking/UnityEngine.Networking.dll - GUID: 870353891bb340e2b2a9c8707e7419ba...
 done. [Time: 18.962000 ms] 
Updating Packages/com.unity.ads/Editor/UnityEditor.Advertisements.dll - GUID: a342381d77833427fa10621e38fbae10...
 done. [Time: 3.772000 ms] 
Updating /opt/UnityLts/Editor/Data/UnityExtensions/Unity/TreeEditor/Editor/UnityEditor.TreeEditor.dll - GUID: adebbd281f1a4ef3a30be7f21937e02f...
 done. [Time: 31.721000 ms] 
Updating /opt/UnityLts/Editor/Data/UnityExtensions/Unity/UnitySpatialTracking/Editor/UnityEditor.SpatialTracking.dll - GUID: b5da970776034f77a070d99423d68791...
 done. [Time: 20.239000 ms] 
Updating Packages/com.unity.purchasing/UnityEngine.Purchasing.dll - GUID: b5f4343795a0e4626ac1fe4a9e6fce59...
 done. [Time: 13.885000 ms] 
Updating /opt/UnityLts/Editor/Data/UnityExtensions/Unity/UIAutomation/Editor/UnityEditor.UIAutomation.dll - GUID: b8a0574e92bd43a59e19d6c3c6ae54c7...
 done. [Time: 28.175000 ms] 
Updating /opt/UnityLts/Editor/Data/UnityExtensions/Unity/UIAutomation/UnityEngine.UIAutomation.dll - GUID: c768acbc9cf24d398488bb4c93b91288...
 done. [Time: 2.858000 ms] 
Updating /opt/UnityLts/Editor/Data/UnityExtensions/Unity/Networking/Standalone/UnityEngine.Networking.dll - GUID: dc443db3e92b4983b9738c1131f555cb...
 done. [Time: 21.873000 ms] 
Updating Packages/com.unity.standardevents/UnityEngine.StandardEvents.dll - GUID: dce91326f102345f3ba2f0987c0679c2...
 done. [Time: 14.075000 ms] 
Updating /opt/UnityLts/Editor/Data/UnityExtensions/Unity/UnityGoogleAudioSpatializer/Runtime/UnityEngine.GoogleAudioSpatializer.dll - GUID: e4f4cf1b9b434137a499903a7a1d651a...
 done. [Time: 22.043000 ms] 
Updating /opt/UnityLts/Editor/Data/UnityExtensions/Unity/UnityGoogleAudioSpatializer/RuntimeEditor/UnityEngine.GoogleAudioSpatializer.dll - GUID: ead147da21254ff9a0a936bdd75e1680...
 done. [Time: 22.185000 ms] 
Updating /opt/UnityLts/Editor/Data/UnityExtensions/Unity/UnitySpatialTracking/Runtime/UnityEngine.SpatialTracking.dll - GUID: ed7343f30e3843b3afda8f8b02669cea...
 done. [Time: 3.961000 ms] 
Updating Packages/com.unity.purchasing/Editor/UnityEditor.Purchasing.dll - GUID: f1045c695c5bf4fb7b8509687bc60fc0...
 done. [Time: 2.709000 ms] 
Updating /opt/UnityLts/Editor/Data/UnityExtensions/Unity/GUISystem/UnityEngine.UI.dll - GUID: f5f67c52d1564df4a8936ccd202a3bd8...
 done. [Time: 34.740000 ms] 
Updating /opt/UnityLts/Editor/Data/UnityExtensions/Unity/GUISystem/Standalone/UnityEngine.UI.dll - GUID: f70555f144d8491a825f0804e09c671c...
 done. [Time: 34.154000 ms] 
Updating /opt/UnityLts/Editor/Data/UnityExtensions/Unity/UnityHoloLens/Runtime/UnityEngine.HoloLens.dll - GUID: f7b54ff4a43d4fcf81b4538b678e0bcc...
 done. [Time: 13.267000 ms] 
Reloading assemblies after forced synchronous recompile.
Begin MonoManager ReloadAssembly
Initializing Unity.PackageManager (PackageManager) v2017.4.19 for Unity v2017.4.19f1
Registering platform support modules:
Registered platform support modules in: 0.0799203s.
Native extension for LinuxStandalone target not found
Refreshing native plugins compatible for Editor in 5.70 ms, found 0 plugins.
Preloading 0 native plugins for Editor in 0.00 ms.
Mono: successfully reloaded assembly
- Completed reload, in  0.899 seconds
Platform modules already initialized, skipping
Updating /opt/UnityLts/Editor/Data/UnityExtensions/Unity/TestRunner/portable/nunit.framework.dll - GUID: 405b9b51bb344a128608d968297df79c...
 done. [Time: 33.730000 ms] 
Updating Packages/com.unity.ads/Editor/Resources/Editor/landscape.jpg - GUID: 10bf81265ad87424d946598c575f45a0...
Launched and connected shader compiler UnityShaderCompiler after 0.06 seconds
 done. [Time: 624.498000 ms] 
Updating Packages/com.unity.ads/Editor/Resources/Editor/portrait.jpg - GUID: 1b32bcce201b4494ea8848326290c5d5...
 done. [Time: 287.462000 ms] 
Updating Packages/com.unity.analytics/Editor/AnalyticsEventTracker icon.png - GUID: 4e7c9ab97e5884e4eaa5967e9024f39c...
 done. [Time: 5.618000 ms] 
Updating Packages/com.unity.standardevents/README.md - GUID: 0621b4aab2236437592f1f292cb81d20...
 done. [Time: 1.982000 ms] 
Updating /opt/UnityLts/Editor/Data/UnityExtensions/Unity/VR/Android/libAudioPluginOculusSpatializer.so - GUID: 0d3bb855445e36e479c85976fc88383a...
 done. [Time: 2.257000 ms] 
Updating Packages/com.unity.standardevents/License.md - GUID: 15be9c691b85a41a39c18beeff87e21b...
 done. [Time: 1.832000 ms] 
Updating Packages/com.unity.analytics/License.md - GUID: 15bf9c691b85b41a39c18bee2f87e21b...
 done. [Time: 2.434000 ms] 
Updating /opt/UnityLts/Editor/Data/UnityExtensions/Unity/VR/Win/OVRPlugin.dll - GUID: 21eff446d50eaf44a85985cd4c0b6fa1...
 done. [Time: 2.476000 ms] 
Updating /opt/UnityLts/Editor/Data/UnityExtensions/Unity/VR/Win64/AudioPluginOculusSpatializer.dll - GUID: 2682a692a2be7e14e901a738c7806da0...
 done. [Time: 2.039000 ms] 
Updating Packages/com.unity.ads/CHANGELOG.md - GUID: 35b4e72ca46f44581b85082c4dc21d13...
 done. [Time: 1.251000 ms] 
Updating /opt/UnityLts/Editor/Data/UnityExtensions/Unity/VR/Android/gvr.aar - GUID: 38c8faf1788024c02930a0c68a6e0edc...
 done. [Time: 1.760000 ms] 
Updating Packages/com.unity.purchasing/package.json - GUID: 44f39a74ca5ee4bf5936b17e901f251c...
 done. [Time: 1.651000 ms] 
Updating Packages/com.unity.ads/License.md - GUID: 4c6fe94acbb24417c988bab18cbd5209...
 done. [Time: 1.655000 ms] 
Updating Packages/com.unity.analytics/package.json - GUID: 510d1d319d2754ea4a47c6dd8c421ea0...
 done. [Time: 1.737000 ms] 
Updating /opt/UnityLts/Editor/Data/UnityExtensions/Unity/VR/Android/OVRPlugin.aar - GUID: 517af1b5b81b93b43b9745d58f017562...
 done. [Time: 2.810000 ms] 
Updating Packages/com.unity.ads/README.md - GUID: 62772aad98ed04f0d955b7d20de61f7f...
 done. [Time: 1.847000 ms] 
Updating /opt/UnityLts/Editor/Data/UnityExtensions/Unity/Tango/Android/unitygar.aar - GUID: 75799de484ac4f4cadc268d2cbea830a...
 done. [Time: 1.969000 ms] 
Updating Packages/com.unity.standardevents/CHANGELOG.md - GUID: 76349cec627454d3a80423a2eeaf0e63...
 done. [Time: 1.269000 ms] 
Updating Packages/com.unity.standardevents/package.json - GUID: 84aec3c9054b3402293139f2c0bc1029...
 done. [Time: 1.155000 ms] 
Updating Packages/com.unity.analytics/README.md - GUID: 884f8f0e4025a420893d3a8d1d3063e1...
 done. [Time: 1.214000 ms] 
Updating /opt/UnityLts/Editor/Data/UnityExtensions/Unity/VR/Win/AudioPluginOculusSpatializer.dll - GUID: 8e7066e382b0fc749b25dbb1a3004dfe...
 done. [Time: 2.255000 ms] 
Updating Packages/com.unity.purchasing/README.md - GUID: 90791303b72ec4ae198f99d637dfdf6c...
 done. [Time: 1.654000 ms] 
Updating Packages/com.unity.analytics/Documentation/analytics.md - GUID: 9d9aa62c5e4f0484dbb5c14739eacfc5...
 done. [Time: 1.844000 ms] 
Updating /opt/UnityLts/Editor/Data/UnityExtensions/Unity/VR/Android/libprotobuf-java-nano.jar - GUID: b2b693dffac3a4433b3114fea0b7fd4e...
 done. [Time: 1.858000 ms] 
Updating /opt/UnityLts/Editor/Data/UnityExtensions/Unity/VR/Win64/OVRPlugin.dll - GUID: b2bead50dbf86924f8e51f03ddbebf70...
 done. [Time: 1.810000 ms] 
Updating Packages/com.unity.ads/Editor/Resources/Android/builds/unity-ads.aar - GUID: b32abd1c9d73a4cce8389f084ac12b11...
 done. [Time: 2.399000 ms] 
Updating Packages/com.unity.analytics/CHANGELOG.md - GUID: bcd27da1c9ae94d2cafe094482a20792...
 done. [Time: 2.121000 ms] 
Updating Packages/com.unity.ads/package.json - GUID: dced8f6ea9f964e8e8e61574ea889d21...
 done. [Time: 1.652000 ms] 
Updating /opt/UnityLts/Editor/Data/UnityExtensions/Unity/VR/Android/unitygvr.aar - GUID: e1007cd261c84053beb0c3537782908d...
 done. [Time: 1.647000 ms] 
Updating Packages/com.unity.standardevents/Documentation/standardevents.md - GUID: ff78da310131b48c8ac1c90ed3669bd1...
 done. [Time: 1.389000 ms] 
Unloading 54 Unused Serialized files (Serialized files now loaded: 0)
System memory in use before: 14.5 MB.
System memory in use after: 14.6 MB.

Unloading 84 unused Assets to reduce memory usage. Loaded Objects now: 644.
Total: 2.515000 ms (FindLiveObjects: 0.202000 ms CreateObjectMapping: 0.016000 ms MarkObjects: 1.444000 ms  DeleteObjects: 0.852000 ms)

Refreshing native plugins compatible for Editor in 10.29 ms, found 0 plugins.
Preloading 0 native plugins for Editor in 0.00 ms.

----- Total AssetImport time: 3.023205s, AssetImport time: 2.872315s, Asset hashing: 0.069702s [28.6 MB, 410.666992 mb/s]

Updating ProjectSettings/InputManager.asset - GUID: 00000000000000002000000000000000...
 done. [Time: 1.777000 ms] 
Updating ProjectSettings/TagManager.asset - GUID: 00000000000000003000000000000000...
 done. [Time: 1.941000 ms] 
Updating ProjectSettings/ProjectSettings.asset - GUID: 00000000000000004000000000000000...
 done. [Time: 1.643000 ms] 
Updating ProjectSettings/NavMeshAreas.asset - GUID: 00000000000000004100000000000000...
 done. [Time: 0.951000 ms] 
Updating ProjectSettings/Physics2DSettings.asset - GUID: 00000000000000005100000000000000...
 done. [Time: 0.895000 ms] 
Updating ProjectSettings/AudioManager.asset - GUID: 00000000000000006000000000000000...
 done. [Time: 0.851000 ms] 
Updating ProjectSettings/GraphicsSettings.asset - GUID: 00000000000000006100000000000000...
 done. [Time: 0.895000 ms] 
Updating ProjectSettings/TimeManager.asset - GUID: 00000000000000007000000000000000...
 done. [Time: 0.794000 ms] 
Updating ProjectSettings/ClusterInputManager.asset - GUID: 00000000000000007100000000000000...
 done. [Time: 1.088000 ms] 
Updating ProjectSettings/DynamicsManager.asset - GUID: 00000000000000008000000000000000...
 done. [Time: 1.134000 ms] 
Updating ProjectSettings/QualitySettings.asset - GUID: 00000000000000009000000000000000...
 done. [Time: 1.021000 ms] 
Updating ProjectSettings/NetworkManager.asset - GUID: 0000000000000000a000000000000000...
 done. [Time: 0.941000 ms] 
Updating ProjectSettings/UnityConnectSettings.asset - GUID: 0000000000000000a100000000000000...
 done. [Time: 1.050000 ms] 
Updating ProjectSettings/EditorBuildSettings.asset - GUID: 0000000000000000b000000000000000...
 done. [Time: 1.227000 ms] 
Updating ProjectSettings/EditorSettings.asset - GUID: 0000000000000000c000000000000000...
 done. [Time: 1.347000 ms] 
Unloading 62 Unused Serialized files (Serialized files now loaded: 0)
System memory in use before: 14.2 MB.
System memory in use after: 14.2 MB.

Unloading 47 unused Assets to reduce memory usage. Loaded Objects now: 644.
Total: 1.846000 ms (FindLiveObjects: 0.319000 ms CreateObjectMapping: 0.014000 ms MarkObjects: 1.334000 ms  DeleteObjects: 0.176000 ms)

Refreshing native plugins compatible for Editor in 9.51 ms, found 0 plugins.
Preloading 0 native plugins for Editor in 0.00 ms.

----- Total AssetImport time: 0.121639s, AssetImport time: 0.069300s, Asset hashing: 0.000000s [0 B, 0.000000 mb/s]

Refresh: detecting if any assets need to be imported or removed ... Refresh: elapses 0.000982 seconds (Nothing changed)
Determining assets that need to be reimported for target platform ... 0.022004 seconds.

Hashing assets ... 0.000 seconds
  file open: 0.000 seconds (0 files)
  file read: 0.000 seconds (0.000 MB)
  hash: 0.000 seconds
Refreshing native plugins compatible for Editor in 0.53 ms, found 0 plugins.
Preloading 0 native plugins for Editor in 0.00 ms.

----- Total AssetImport time: 0.023032s, AssetImport time: 0.000001s, Asset hashing: 0.000000s [0 B, 0.000000 mb/s]

Updating ProjectSettings/ProjectSettings.asset - GUID: 00000000000000004000000000000000...
 done. [Time: 2.444000 ms] 
Refreshing native plugins compatible for Editor in 0.30 ms, found 0 plugins.
Preloading 0 native plugins for Editor in 0.00 ms.

----- Total AssetImport time: 0.071896s, AssetImport time: 0.028067s, Asset hashing: 0.000000s [0 B, 0.000000 mb/s]

Warming cache for 120 main assets: 0.000510 seconds elapsed
Initializing Unity extensions:
 '/opt/UnityLts/Editor/Data/UnityExtensions/Unity/UnityHoloLens/Editor/UnityEditor.HoloLens.dll'  GUID: 12fd8a0055b84bb59e84c9835a37e333
 '/opt/UnityLts/Editor/Data/UnityExtensions/Unity/Timeline/Runtime/UnityEngine.Timeline.dll'  GUID: 6a10b2909283487f913b00d94cd3faf5
 '/opt/UnityLts/Editor/Data/UnityExtensions/Unity/TestRunner/portable/nunit.framework.dll'  GUID: 405b9b51bb344a128608d968297df79c
 '/opt/UnityLts/Editor/Data/UnityExtensions/Unity/GUISystem/Standalone/UnityEngine.UI.dll'  GUID: f70555f144d8491a825f0804e09c671c
 '/opt/UnityLts/Editor/Data/UnityExtensions/Unity/GUISystem/UnityEngine.UI.dll'  GUID: f5f67c52d1564df4a8936ccd202a3bd8
 '/opt/UnityLts/Editor/Data/UnityExtensions/Unity/Timeline/RuntimeEditor/UnityEngine.Timeline.dll'  GUID: 844f815391db42d49455cbf1a7bfc434
 '/opt/UnityLts/Editor/Data/UnityExtensions/Unity/Networking/Standalone/UnityEngine.Networking.dll'  GUID: dc443db3e92b4983b9738c1131f555cb
 '/opt/UnityLts/Editor/Data/UnityExtensions/Unity/UnitySpatialTracking/Runtime/UnityEngine.SpatialTracking.dll'  GUID: ed7343f30e3843b3afda8f8b02669cea
 '/opt/UnityLts/Editor/Data/UnityExtensions/Unity/UnityGoogleAudioSpatializer/Editor/UnityEditor.GoogleAudioSpatializer.dll'  GUID: 4a3ecb1425d14502837abea459cf2b70
 '/opt/UnityLts/Editor/Data/UnityExtensions/Unity/Networking/Editor/UnityEditor.Networking.dll'  GUID: 5f32cd94baa94578a686d4b9d6b660f7
 '/opt/UnityLts/Editor/Data/UnityExtensions/Unity/UnityHoloLens/Runtime/UnityEngine.HoloLens.dll'  GUID: f7b54ff4a43d4fcf81b4538b678e0bcc
 '/opt/UnityLts/Editor/Data/UnityExtensions/Unity/UnitySpatialTracking/Editor/UnityEditor.SpatialTracking.dll'  GUID: b5da970776034f77a070d99423d68791
 '/opt/UnityLts/Editor/Data/UnityExtensions/Unity/TreeEditor/Editor/UnityEditor.TreeEditor.dll'  GUID: adebbd281f1a4ef3a30be7f21937e02f
 '/opt/UnityLts/Editor/Data/UnityExtensions/Unity/Networking/UnityEngine.Networking.dll'  GUID: 870353891bb340e2b2a9c8707e7419ba
 '/opt/UnityLts/Editor/Data/UnityExtensions/Unity/TestRunner/UnityEngine.TestRunner.dll'  GUID: 53ebcfaa2e1e4e2dbc85882cd5a73fa1
 '/opt/UnityLts/Editor/Data/UnityExtensions/Unity/UnityGoogleAudioSpatializer/RuntimeEditor/UnityEngine.GoogleAudioSpatializer.dll'  GUID: ead147da21254ff9a0a936bdd75e1680
 '/opt/UnityLts/Editor/Data/UnityExtensions/Unity/UnityGoogleAudioSpatializer/Runtime/UnityEngine.GoogleAudioSpatializer.dll'  GUID: e4f4cf1b9b434137a499903a7a1d651a
 '/opt/UnityLts/Editor/Data/UnityExtensions/Unity/UnityVR/Editor/UnityEditor.VR.dll'  GUID: 4ba2329b63d54f0187bcaa12486b1b0f
 '/opt/UnityLts/Editor/Data/UnityExtensions/Unity/UnityHoloLens/RuntimeEditor/UnityEngine.HoloLens.dll'  GUID: 1c6d1fbb51834b64847b1b73a75bfc77
 '/opt/UnityLts/Editor/Data/UnityExtensions/Unity/UnitySpatialTracking/RuntimeEditor/UnityEngine.SpatialTracking.dll'  GUID: 3a84de5cd0624681b6b6dcd8921d912a
 '/opt/UnityLts/Editor/Data/UnityExtensions/Unity/GUISystem/Editor/UnityEditor.UI.dll'  GUID: 80a3616ca19596e4da0f10f14d241e9f
 '/opt/UnityLts/Editor/Data/UnityExtensions/Unity/UIAutomation/UnityEngine.UIAutomation.dll'  GUID: c768acbc9cf24d398488bb4c93b91288
 '/opt/UnityLts/Editor/Data/UnityExtensions/Unity/TestRunner/Editor/UnityEditor.TestRunner.dll'  GUID: 4113173d5e95493ab8765d7b08371de4
 '/opt/UnityLts/Editor/Data/UnityExtensions/Unity/TestRunner/net35/unity-custom/nunit.framework.dll'  GUID: 4b3fa4bde7f1451a8218c03ee6a8ded8
 '/opt/UnityLts/Editor/Data/UnityExtensions/Unity/UIAutomation/Editor/UnityEditor.UIAutomation.dll'  GUID: b8a0574e92bd43a59e19d6c3c6ae54c7
 '/opt/UnityLts/Editor/Data/UnityExtensions/Unity/Timeline/Editor/UnityEditor.Timeline.dll'  GUID: 7668179ede524d6396c8b7d84461ea29
Unloading 48 Unused Serialized files (Serialized files now loaded: 0)
System memory in use before: 13.9 MB.
System memory in use after: 13.9 MB.

Unloading 9 unused Assets to reduce memory usage. Loaded Objects now: 679.
Total: 1.573000 ms (FindLiveObjects: 0.214000 ms CreateObjectMapping: 0.016000 ms MarkObjects: 1.273000 ms  DeleteObjects: 0.069000 ms)

GLX Extensions: GLX_EXT_visual_info GLX_EXT_visual_rating GLX_EXT_import_context GLX_SGIX_fbconfig GLX_SGIX_pbuffer GLX_SGI_video_sync GLX_SGI_swap_control GLX_EXT_swap_control GLX_EXT_swap_control_tear GLX_EXT_texture_from_pixmap GLX_EXT_buffer_age GLX_ARB_create_context GLX_ARB_create_context_profile GLX_EXT_create_context_es_profile GLX_EXT_create_context_es2_profile GLX_ARB_create_context_no_error GLX_ARB_create_context_robustness GLX_NV_delay_before_swap GLX_EXT_stereo_tree GLX_ARB_context_flush_control GLX_NV_robustness_video_memory_purge GLX_ARB_multisample GLX_NV_float_buffer GLX_ARB_fbconfig_float GLX_EXT_framebuffer_sRGB GLX_NV_multisample_coverage GLX_NV_copy_image GLX_ARB_get_proc_address 
GLX Extensions: GLX_EXT_visual_info GLX_EXT_visual_rating GLX_EXT_import_context GLX_SGIX_fbconfig GLX_SGIX_pbuffer GLX_SGI_video_sync GLX_SGI_swap_control GLX_EXT_swap_control GLX_EXT_swap_control_tear GLX_EXT_texture_from_pixmap GLX_EXT_buffer_age GLX_ARB_create_context GLX_ARB_create_context_profile GLX_EXT_create_context_es_profile GLX_EXT_create_context_es2_profile GLX_ARB_create_context_no_error GLX_ARB_create_context_robustness GLX_NV_delay_before_swap GLX_EXT_stereo_tree GLX_ARB_context_flush_control GLX_NV_robustness_video_memory_purge GLX_ARB_multisample GLX_NV_float_buffer GLX_ARB_fbconfig_float GLX_EXT_framebuffer_sRGB GLX_NV_multisample_coverage GLX_NV_copy_image GLX_ARB_get_proc_address 
GLX Extensions: GLX_EXT_visual_info GLX_EXT_visual_rating GLX_EXT_import_context GLX_SGIX_fbconfig GLX_SGIX_pbuffer GLX_SGI_video_sync GLX_SGI_swap_control GLX_EXT_swap_control GLX_EXT_swap_control_tear GLX_EXT_texture_from_pixmap GLX_EXT_buffer_age GLX_ARB_create_context GLX_ARB_create_context_profile GLX_EXT_create_context_es_profile GLX_EXT_create_context_es2_profile GLX_ARB_create_context_no_error GLX_ARB_create_context_robustness GLX_NV_delay_before_swap GLX_EXT_stereo_tree GLX_ARB_context_flush_control GLX_NV_robustness_video_memory_purge GLX_ARB_multisample GLX_NV_float_buffer GLX_ARB_fbconfig_float GLX_EXT_framebuffer_sRGB GLX_NV_multisample_coverage GLX_NV_copy_image GLX_ARB_get_proc_address 
requesting resize 1536 x 811
resizing window to 1536 x 811
Desktop is 3520 x 1080 @ 60 Hz
GLX Extensions: GLX_EXT_visual_info GLX_EXT_visual_rating GLX_EXT_import_context GLX_SGIX_fbconfig GLX_SGIX_pbuffer GLX_SGI_video_sync GLX_SGI_swap_control GLX_EXT_swap_control GLX_EXT_swap_control_tear GLX_EXT_texture_from_pixmap GLX_EXT_buffer_age GLX_ARB_create_context GLX_ARB_create_context_profile GLX_EXT_create_context_es_profile GLX_EXT_create_context_es2_profile GLX_ARB_create_context_no_error GLX_ARB_create_context_robustness GLX_NV_delay_before_swap GLX_EXT_stereo_tree GLX_ARB_context_flush_control GLX_NV_robustness_video_memory_purge GLX_ARB_multisample GLX_NV_float_buffer GLX_ARB_fbconfig_float GLX_EXT_framebuffer_sRGB GLX_NV_multisample_coverage GLX_NV_copy_image GLX_ARB_get_proc_address 
GLX Extensions: GLX_EXT_visual_info GLX_EXT_visual_rating GLX_EXT_import_context GLX_SGIX_fbconfig GLX_SGIX_pbuffer GLX_SGI_video_sync GLX_SGI_swap_control GLX_EXT_swap_control GLX_EXT_swap_control_tear GLX_EXT_texture_from_pixmap GLX_EXT_buffer_age GLX_ARB_create_context GLX_ARB_create_context_profile GLX_EXT_create_context_es_profile GLX_EXT_create_context_es2_profile GLX_ARB_create_context_no_error GLX_ARB_create_context_robustness GLX_NV_delay_before_swap GLX_EXT_stereo_tree GLX_ARB_context_flush_control GLX_NV_robustness_video_memory_purge GLX_ARB_multisample GLX_NV_float_buffer GLX_ARB_fbconfig_float GLX_EXT_framebuffer_sRGB GLX_NV_multisample_coverage GLX_NV_copy_image GLX_ARB_get_proc_address 
GLX Extensions: GLX_EXT_visual_info GLX_EXT_visual_rating GLX_EXT_import_context GLX_SGIX_fbconfig GLX_SGIX_pbuffer GLX_SGI_video_sync GLX_SGI_swap_control GLX_EXT_swap_control GLX_EXT_swap_control_tear GLX_EXT_texture_from_pixmap GLX_EXT_buffer_age GLX_ARB_create_context GLX_ARB_create_context_profile GLX_EXT_create_context_es_profile GLX_EXT_create_context_es2_profile GLX_ARB_create_context_no_error GLX_ARB_create_context_robustness GLX_NV_delay_before_swap GLX_EXT_stereo_tree GLX_ARB_context_flush_control GLX_NV_robustness_video_memory_purge GLX_ARB_multisample GLX_NV_float_buffer GLX_ARB_fbconfig_float GLX_EXT_framebuffer_sRGB GLX_NV_multisample_coverage GLX_NV_copy_image GLX_ARB_get_proc_address 
requesting resize 1536 x 623
resizing window to 1536 x 623
Desktop is 3520 x 1080 @ 60 Hz
requesting resize 1536 x 623
resizing window to 1536 x 623
Desktop is 3520 x 1080 @ 60 Hz
Reloading assemblies due to reload request.
Begin MonoManager ReloadAssembly
Initializing Unity.PackageManager (PackageManager) v2017.4.19 for Unity v2017.4.19f1
Registering platform support modules:
Registered platform support modules in: 0.073758s.
Native extension for LinuxStandalone target not found
Refreshing native plugins compatible for Editor in 0.75 ms, found 0 plugins.
Preloading 0 native plugins for Editor in 0.00 ms.
Mono: successfully reloaded assembly
Refreshing native plugins compatible for Editor in 0.34 ms, found 0 plugins.
Preloading 0 native plugins for Editor in 0.00 ms.

----- Total AssetImport time: 0.069081s, AssetImport time: 0.000000s, Asset hashing: 0.000000s [0 B, 0.000000 mb/s]

- Completed reload, in  1.369 seconds
Platform modules already initialized, skipping
GLX Extensions: GLX_EXT_visual_info GLX_EXT_visual_rating GLX_EXT_import_context GLX_SGIX_fbconfig GLX_SGIX_pbuffer GLX_SGI_video_sync GLX_SGI_swap_control GLX_EXT_swap_control GLX_EXT_swap_control_tear GLX_EXT_texture_from_pixmap GLX_EXT_buffer_age GLX_ARB_create_context GLX_ARB_create_context_profile GLX_EXT_create_context_es_profile GLX_EXT_create_context_es2_profile GLX_ARB_create_context_no_error GLX_ARB_create_context_robustness GLX_NV_delay_before_swap GLX_EXT_stereo_tree GLX_ARB_context_flush_control GLX_NV_robustness_video_memory_purge GLX_ARB_multisample GLX_NV_float_buffer GLX_ARB_fbconfig_float GLX_EXT_framebuffer_sRGB GLX_NV_multisample_coverage GLX_NV_copy_image GLX_ARB_get_proc_address 
GLX Extensions: GLX_EXT_visual_info GLX_EXT_visual_rating GLX_EXT_import_context GLX_SGIX_fbconfig GLX_SGIX_pbuffer GLX_SGI_video_sync GLX_SGI_swap_control GLX_EXT_swap_control GLX_EXT_swap_control_tear GLX_EXT_texture_from_pixmap GLX_EXT_buffer_age GLX_ARB_create_context GLX_ARB_create_context_profile GLX_EXT_create_context_es_profile GLX_EXT_create_context_es2_profile GLX_ARB_create_context_no_error GLX_ARB_create_context_robustness GLX_NV_delay_before_swap GLX_EXT_stereo_tree GLX_ARB_context_flush_control GLX_NV_robustness_video_memory_purge GLX_ARB_multisample GLX_NV_float_buffer GLX_ARB_fbconfig_float GLX_EXT_framebuffer_sRGB GLX_NV_multisample_coverage GLX_NV_copy_image GLX_ARB_get_proc_address 
GLX Extensions: GLX_EXT_visual_info GLX_EXT_visual_rating GLX_EXT_import_context GLX_SGIX_fbconfig GLX_SGIX_pbuffer GLX_SGI_video_sync GLX_SGI_swap_control GLX_EXT_swap_control GLX_EXT_swap_control_tear GLX_EXT_texture_from_pixmap GLX_EXT_buffer_age GLX_ARB_create_context GLX_ARB_create_context_profile GLX_EXT_create_context_es_profile GLX_EXT_create_context_es2_profile GLX_ARB_create_context_no_error GLX_ARB_create_context_robustness GLX_NV_delay_before_swap GLX_EXT_stereo_tree GLX_ARB_context_flush_control GLX_NV_robustness_video_memory_purge GLX_ARB_multisample GLX_NV_float_buffer GLX_ARB_fbconfig_float GLX_EXT_framebuffer_sRGB GLX_NV_multisample_coverage GLX_NV_copy_image GLX_ARB_get_proc_address 
GLX Extensions: GLX_EXT_visual_info GLX_EXT_visual_rating GLX_EXT_import_context GLX_SGIX_fbconfig GLX_SGIX_pbuffer GLX_SGI_video_sync GLX_SGI_swap_control GLX_EXT_swap_control GLX_EXT_swap_control_tear GLX_EXT_texture_from_pixmap GLX_EXT_buffer_age GLX_ARB_create_context GLX_ARB_create_context_profile GLX_EXT_create_context_es_profile GLX_EXT_create_context_es2_profile GLX_ARB_create_context_no_error GLX_ARB_create_context_robustness GLX_NV_delay_before_swap GLX_EXT_stereo_tree GLX_ARB_context_flush_control GLX_NV_robustness_video_memory_purge GLX_ARB_multisample GLX_NV_float_buffer GLX_ARB_fbconfig_float GLX_EXT_framebuffer_sRGB GLX_NV_multisample_coverage GLX_NV_copy_image GLX_ARB_get_proc_address 
GLX Extensions: GLX_EXT_visual_info GLX_EXT_visual_rating GLX_EXT_import_context GLX_SGIX_fbconfig GLX_SGIX_pbuffer GLX_SGI_video_sync GLX_SGI_swap_control GLX_EXT_swap_control GLX_EXT_swap_control_tear GLX_EXT_texture_from_pixmap GLX_EXT_buffer_age GLX_ARB_create_context GLX_ARB_create_context_profile GLX_EXT_create_context_es_profile GLX_EXT_create_context_es2_profile GLX_ARB_create_context_no_error GLX_ARB_create_context_robustness GLX_NV_delay_before_swap GLX_EXT_stereo_tree GLX_ARB_context_flush_control GLX_NV_robustness_video_memory_purge GLX_ARB_multisample GLX_NV_float_buffer GLX_ARB_fbconfig_float GLX_EXT_framebuffer_sRGB GLX_NV_multisample_coverage GLX_NV_copy_image GLX_ARB_get_proc_address 
GLX Extensions: GLX_EXT_visual_info GLX_EXT_visual_rating GLX_EXT_import_context GLX_SGIX_fbconfig GLX_SGIX_pbuffer GLX_SGI_video_sync GLX_SGI_swap_control GLX_EXT_swap_control GLX_EXT_swap_control_tear GLX_EXT_texture_from_pixmap GLX_EXT_buffer_age GLX_ARB_create_context GLX_ARB_create_context_profile GLX_EXT_create_context_es_profile GLX_EXT_create_context_es2_profile GLX_ARB_create_context_no_error GLX_ARB_create_context_robustness GLX_NV_delay_before_swap GLX_EXT_stereo_tree GLX_ARB_context_flush_control GLX_NV_robustness_video_memory_purge GLX_ARB_multisample GLX_NV_float_buffer GLX_ARB_fbconfig_float GLX_EXT_framebuffer_sRGB GLX_NV_multisample_coverage GLX_NV_copy_image GLX_ARB_get_proc_address 
Refresh: detecting if any assets need to be imported or removed ... Refresh: elapses 0.001162 seconds (Nothing changed)
Created GICache directory at /home/beatrix/.cache/unity3d/GiCache. Took: 0.006s, timestamps: [94.217 - 94.223]
Issue TrimJob to reduce GI Cache size to maximum 10GB at: '/home/beatrix/.cache/unity3d/GiCache'
[00:00:03] Enlighten: Precompute started.
[PathTracer] Issuing atlassing job. Atlas hash: bc06a9703e5ae257241f86e6e5e9cb62, width: 1024, height: 1024
TrimDiskCacheJob: Current cache size 0mb
[00:00:03] Enlighten: Finished 1 Layout Systems job (0.00s execute, 0.00s integrate, 0.31s wallclock)
[00:00:03] Enlighten: Finished 1 Tetrahedralize Probes job (0.00s execute, 0.00s integrate, 0.31s wallclock)
[00:00:03] Enlighten: Precompute took 0.622340 seconds.
Enlighten scene contents:   0 geometries.   0 instances.   0 systems.   0 probe groups.   0 cube maps. Scene is up-to-date.
[00:00:03] Enlighten: Bake started.
[PathTracer][LP] Issuing deduplication and tetrahedralization job. Combined: 80257199cfa681a16be5e09b3c2208f4, tetrahedralized probes: 00000000000000000000000000000000, non-tetrahedralized probes: 00000000000000000000000000000000, dependencies: 00000000000000000000000000000000
Setting up 2 worker threads for Enlighten.
  Thread -> id: 7f750e673700 -> priority: 1 
  Thread -> id: 7f750ee74700 -> priority: 1 
[00:00:04] Enlighten: Finished 1 Bake Runtime job (0.14s execute, 0.00s integrate, 0.30s wallclock)
[00:00:04] Enlighten: Bake took 0.304136 seconds.
[PathTracer][LP] Integrating deduplicated and tetrahedralized probes for hash 80257199cfa681a16be5e09b3c2208f4.
[PathTracer] Common reset.
[PathTracer] Lightmap reset.
[PathTracer][LP] Light probes reset.
[PathTracer] building lightmap data asset.
[00:00:07] Enlighten: Reflection Probes started.
[00:00:07] Enlighten: Finished 1 Ambient Probes job (0.00s execute, 0.00s integrate, 0.10s wallclock)
Starting cubemap convolution for '' (size 128)
...took 0.219 seconds
[00:00:08] Enlighten: Finished 1 Reflection Probes job (0.54s execute, 0.00s integrate, 0.85s wallclock)

Packing sprites:
[     34 MB ]- Skipping packing - Sprite Packer (Legacy) is off.
[     34 MB ]Reloading assemblies for play mode.
Begin MonoManager ReloadAssembly
Initializing Unity.PackageManager (PackageManager) v2017.4.19 for Unity v2017.4.19f1
Registering platform support modules:
Registered platform support modules in: 0.0744465s.
Native extension for LinuxStandalone target not found
Refreshing native plugins compatible for Editor in 0.37 ms, found 0 plugins.
Preloading 0 native plugins for Editor in 0.00 ms.
Mono: successfully reloaded assembly
- Completed reload, in  1.283 seconds
Platform modules already initialized, skipping
Load scene 'Temp/__Backupscenes/0.backup' time: 0.167000 ms 
Load scene 'Temp/__Backupscenes/0.backup' time: 0.192000 ms 
Unloading 11 Unused Serialized files (Serialized files now loaded: 0)
System memory in use before: 34.5 MB.
System memory in use after: 34.6 MB.

Unloading 35 unused Assets to reduce memory usage. Loaded Objects now: 2875.
Total: 5.525000 ms (FindLiveObjects: 0.874000 ms CreateObjectMapping: 0.089000 ms MarkObjects: 4.372000 ms  DeleteObjects: 0.186000 ms)

[00:00:00] Enlighten: Precompute started.
[PathTracer] building lightmap data asset.
[00:00:00] Enlighten: Finished 1 Layout Systems job (0.00s execute, 0.00s integrate, 0.05s wallclock)
[00:00:00] Enlighten: Finished 1 Tetrahedralize Probes job (0.00s execute, 0.00s integrate, 0.05s wallclock)
[00:00:00] Enlighten: Precompute took 0.105478 seconds.
Enlighten scene contents:   0 geometries.   0 instances.   0 systems.   0 probe groups.   0 cube maps. Scene is up-to-date.
Refresh: detecting if any assets need to be imported or removed ... Refresh: elapses 0.001113 seconds (Nothing changed)
Refresh: detecting if any assets need to be imported or removed ... Refresh: elapses 0.001109 seconds (Nothing changed)
[Package Manager] Server::Kill -- Server was shutdown
Cleanup mono
debugger-agent: Unable to listen on 77
/home/builduser/buildslave/unity/build/Editor/Platform/Linux/TempStubs.cpp:PlatformImageForIconForExtension
/home/builduser/buildslave/unity/build/Editor/Platform/Linux/TempStubs.cpp:PlatformImageForIconForExtension
/home/builduser/buildslave/unity/build/Editor/Platform/Linux/TempStubs.cpp:PlatformImageForIconForExtension
/home/builduser/buildslave/unity/build/Editor/Platform/Linux/TempStubs.cpp:PlatformImageForIconForExtension
/home/builduser/buildslave/unity/build/Editor/Platform/Linux/TempStubs.cpp:PlatformImageForIconForExtension
/home/builduser/buildslave/unity/build/Editor/Platform/Linux/TempStubs.cpp:PlatformImageForIconForExtension
/home/builduser/buildslave/unity/build/Editor/Platform/Linux/TempStubs.cpp:PlatformImageForIconForExtension
/home/builduser/buildslave/unity/build/Editor/Platform/Linux/TempStubs.cpp:PlatformImageForIconForExtension
/home/builduser/buildslave/unity/build/Editor/Platform/Linux/TempStubs.cpp:PlatformImageForIconForExtension
/home/builduser/buildslave/unity/build/Editor/Platform/Linux/TempStubs.cpp:PlatformImageForIconForExtension
/home/builduser/buildslave/unity/build/Editor/Platform/Linux/TempStubs.cpp:PlatformImageForIconForExtension
/home/builduser/buildslave/unity/build/Editor/Platform/Linux/TempStubs.cpp:PlatformImageForIconForExtension
/home/builduser/buildslave/unity/build/Editor/Platform/Linux/TempStubs.cpp:PlatformImageForIconForExtension
/home/builduser/buildslave/unity/build/Editor/Platform/Linux/TempStubs.cpp:PlatformImageForIconForExtension
/home/builduser/buildslave/unity/build/Editor/Platform/Linux/TempStubs.cpp:PlatformImageForIconForExtension
/home/builduser/buildslave/unity/build/Editor/Platform/Linux/TempStubs.cpp:PlatformImageForIconForExtension
/home/builduser/buildslave/unity/build/Editor/Platform/Linux/TempStubs.cpp:PlatformImageForIconForExtension
/home/builduser/buildslave/unity/build/Editor/Platform/Linux/UsbDevices.cpp:UsbDevicesQuery
