Desktop is 3520 x 1080 @ 60 Hz
GLX Extensions: GLX_EXT_visual_info GLX_EXT_visual_rating GLX_EXT_import_context GLX_SGIX_fbconfig GLX_SGIX_pbuffer GLX_SGI_video_sync GLX_SGI_swap_control GLX_EXT_swap_control GLX_EXT_swap_control_tear GLX_EXT_texture_from_pixmap GLX_EXT_buffer_age GLX_ARB_create_context GLX_ARB_create_context_profile GLX_EXT_create_context_es_profile GLX_EXT_create_context_es2_profile GLX_ARB_create_context_no_error GLX_ARB_create_context_robustness GLX_NV_delay_before_swap GLX_EXT_stereo_tree GLX_ARB_context_flush_control GLX_NV_robustness_video_memory_purge GLX_ARB_multisample GLX_NV_float_buffer GLX_ARB_fbconfig_float GLX_EXT_framebuffer_sRGB GLX_NV_multisample_coverage GLX_NV_copy_image GLX_ARB_get_proc_address 
[Package Manager] Server::Start -- Port 41367 was selected

LICENSE SYSTEM [201921 5:12:20] Next license update check is after 2019-02-01T10:33:48


 COMMAND LINE ARGUMENTS:
/opt/UnityLts/Editor/Unity
-no-throttle-updates
[0201/051220:ERROR:browser_main_loop.cc(161)] Running without the SUID sandbox! See https://code.google.com/p/chromium/wiki/LinuxSUIDSandboxDevelopment for more information on developing with the sandbox on.
[0201/051220:ERROR:renderer_main.cc(227)] Running without renderer sandbox
[0201/051220:ERROR:gpu_process_transport_factory.cc(402)] Failed to establish GPU channel.
/home/beatrix/Qauke Project
UpdateMenuTitleForLanguage: 10
Audio: FMOD Profiler initialized on port 54900
AudioManager: Using PulseAudio: Default Output Device
Loading GUID <-> Path mappings...0.000023 seconds
Loading Asset Database...0.000003 seconds
AssetDatabase consistency checks...0.000037 seconds
Refreshing native plugins compatible for Editor in 0.00 ms, found 0 plugins.
Preloading 0 native plugins for Editor in 0.00 ms.
[Package Manager] Resolving 4 packages:
[Package Manager]  * Package :  com.unity.ads@2.0.8
    (location: /home/beatrix/.config/unity3d/cache/packages/packages.unity.com/com.unity.ads@2.0.8)
[Package Manager]  * Package :  com.unity.analytics@2.0.13
    (location: /home/beatrix/.config/unity3d/cache/packages/packages.unity.com/com.unity.analytics@2.0.13)
[Package Manager]  * Package :  com.unity.purchasing@0.0.19
    (location: /home/beatrix/.config/unity3d/cache/packages/packages.unity.com/com.unity.purchasing@0.0.19)
[Package Manager]  * Package :  com.unity.standardevents@1.0.10
    (location: /home/beatrix/.config/unity3d/cache/packages/packages.unity.com/com.unity.standardevents@1.0.10)
[Package Manager] Resolve completed
IsTimeToCheckForNewEditor: Update time 0 current 1548997959
Initialize engine version: 2017.4.19f1 (47cd37c28be8)
Renderer: GeForce GTX 650 Ti BOOST/PCIe/SSE2
Vendor:   NVIDIA Corporation
Version:  4.5.0 NVIDIA 415.22.05
GLES:     0
 GL_AMD_multi_draw_indirect GL_AMD_seamless_cubemap_per_texture GL_ARB_arrays_of_arrays GL_ARB_base_instance GL_ARB_bindless_texture GL_ARB_blend_func_extended GL_ARB_buffer_storage GL_ARB_clear_buffer_object GL_ARB_clear_texture GL_ARB_clip_control GL_ARB_color_buffer_float GL_ARB_compressed_texture_pixel_storage GL_ARB_conservative_depth GL_ARB_compute_shader GL_ARB_compute_variable_group_size GL_ARB_conditional_render_inverted GL_ARB_copy_buffer GL_ARB_copy_image GL_ARB_cull_distance GL_ARB_debug_output GL_ARB_depth_buffer_float GL_ARB_depth_clamp GL_ARB_depth_texture GL_ARB_derivative_control GL_ARB_direct_state_access GL_ARB_draw_buffers GL_ARB_draw_buffers_blend GL_ARB_draw_indirect GL_ARB_draw_elements_base_vertex GL_ARB_draw_instanced GL_ARB_enhanced_layouts GL_ARB_ES2_compatibility GL_ARB_ES3_compatibility GL_ARB_ES3_1_compatibility GL_ARB_ES3_2_compatibility GL_ARB_explicit_attrib_location GL_ARB_explicit_uniform_location GL_ARB_fragment_coord_conventions GL_ARB_fragment_layer_viewport GL_ARB_fragm
ent_program GL_ARB_fragment_program_shadow GL_ARB_fragment_shader GL_ARB_framebuffer_no_attachments GL_ARB_framebuffer_object GL_ARB_framebuffer_sRGB GL_ARB_geometry_shader4 GL_ARB_get_program_binary GL_ARB_get_texture_sub_image GL_ARB_gl_spirv GL_ARB_gpu_shader5 GL_ARB_gpu_shader_fp64 GL_ARB_gpu_shader_int64 GL_ARB_half_float_pixel GL_ARB_half_float_vertex GL_ARB_imaging GL_ARB_indirect_parameters GL_ARB_instanced_arrays GL_ARB_internalformat_query GL_ARB_internalformat_query2 GL_ARB_invalidate_subdata GL_ARB_map_buffer_alignment GL_ARB_map_buffer_range GL_ARB_multi_bind GL_ARB_multi_draw_indirect GL_ARB_multisample GL_ARB_multitexture GL_ARB_occlusion_query GL_ARB_occlusion_query2 GL_ARB_parallel_shader_compile GL_ARB_pipeline_statistics_query GL_ARB_pixel_buffer_object GL_ARB_point_parameters GL_ARB_point_sprite GL_ARB_polygon_offset_clamp GL_ARB_program_interface_query GL_ARB_provoking_vertex GL_ARB_query_buffer_object GL_ARB_robust_buffer_access_behavior GL_ARB_robustness GL_ARB_sample_shading GL_ARB_sa
mpler_objects GL_ARB_seamless_cube_map GL_ARB_seamless_cubemap_per_texture GL_ARB_separate_shader_objects GL_ARB_shader_atomic_counter_ops GL_ARB_shader_atomic_counters GL_ARB_shader_ballot GL_ARB_shader_bit_encoding GL_ARB_shader_clock GL_ARB_shader_draw_parameters GL_ARB_shader_group_vote GL_ARB_shader_image_load_store GL_ARB_shader_image_size GL_ARB_shader_objects GL_ARB_shader_precision GL_ARB_shader_storage_buffer_object GL_ARB_shader_subroutine GL_ARB_shader_texture_image_samples GL_ARB_shader_texture_lod GL_ARB_shading_language_100 GL_ARB_shading_language_420pack GL_ARB_shading_language_include GL_ARB_shading_language_packing GL_ARB_shadow GL_ARB_sparse_buffer GL_ARB_sparse_texture GL_ARB_spirv_extensions GL_ARB_stencil_texturing GL_ARB_sync GL_ARB_tessellation_shader GL_ARB_texture_barrier GL_ARB_texture_border_clamp GL_ARB_texture_buffer_object GL_ARB_texture_buffer_object_rgb32 GL_ARB_texture_buffer_range GL_ARB_texture_compression GL_ARB_texture_compression_bptc GL_ARB_texture_compression_rgtc GL_
ARB_texture_cube_map GL_ARB_texture_cube_map_array GL_ARB_texture_env_add GL_ARB_texture_env_combine GL_ARB_texture_env_crossbar GL_ARB_texture_env_dot3 GL_ARB_texture_filter_anisotropic GL_ARB_texture_float GL_ARB_texture_gather GL_ARB_texture_mirror_clamp_to_edge GL_ARB_texture_mirrored_repeat GL_ARB_texture_multisample GL_ARB_texture_non_power_of_two GL_ARB_texture_query_levels GL_ARB_texture_query_lod GL_ARB_texture_rectangle GL_ARB_texture_rg GL_ARB_texture_rgb10_a2ui GL_ARB_texture_stencil8 GL_ARB_texture_storage GL_ARB_texture_storage_multisample GL_ARB_texture_swizzle GL_ARB_texture_view GL_ARB_timer_query GL_ARB_transform_feedback2 GL_ARB_transform_feedback3 GL_ARB_transform_feedback_instanced GL_ARB_transform_feedback_overflow_query GL_ARB_transpose_matrix GL_ARB_uniform_buffer_object GL_ARB_vertex_array_bgra GL_ARB_vertex_array_object GL_ARB_vertex_attrib_64bit GL_ARB_vertex_attrib_binding GL_ARB_vertex_buffer_object GL_ARB_vertex_program GL_ARB_vertex_shader GL_ARB_vertex_type_10f_11f_11f_rev GL_
ARB_vertex_type_2_10_10_10_rev GL_ARB_viewport_array GL_ARB_window_pos GL_ATI_draw_buffers GL_ATI_texture_float GL_ATI_texture_mirror_once GL_S3_s3tc GL_EXT_texture_env_add GL_EXT_abgr GL_EXT_bgra GL_EXT_bindable_uniform GL_EXT_blend_color GL_EXT_blend_equation_separate GL_EXT_blend_func_separate GL_EXT_blend_minmax GL_EXT_blend_subtract GL_EXT_compiled_vertex_array GL_EXT_Cg_shader GL_EXT_depth_bounds_test GL_EXT_direct_state_access GL_EXT_draw_buffers2 GL_EXT_draw_instanced GL_EXT_draw_range_elements GL_EXT_fog_coord GL_EXT_framebuffer_blit GL_EXT_framebuffer_multisample GL_EXTX_framebuffer_mixed_formats GL_EXT_framebuffer_multisample_blit_scaled GL_EXT_framebuffer_object GL_EXT_framebuffer_sRGB GL_EXT_geometry_shader4 GL_EXT_gpu_program_parameters GL_EXT_gpu_shader4 GL_EXT_multi_draw_arrays GL_EXT_packed_depth_stencil GL_EXT_packed_float GL_EXT_packed_pixels GL_EXT_pixel_buffer_object GL_EXT_point_parameters GL_EXT_polygon_offset_clamp GL_EXT_provoking_vertex GL_EXT_rescale_normal GL_EXT_secondary_color G
L_EXT_separate_shader_objects GL_EXT_separate_specular_color GL_EXT_shader_image_load_store GL_EXT_shader_integer_mix GL_EXT_shadow_funcs GL_EXT_stencil_two_side GL_EXT_stencil_wrap GL_EXT_texture3D GL_EXT_texture_array GL_EXT_texture_buffer_object GL_EXT_texture_compression_dxt1 GL_EXT_texture_compression_latc GL_EXT_texture_compression_rgtc GL_EXT_texture_compression_s3tc GL_EXT_texture_cube_map GL_EXT_texture_edge_clamp GL_EXT_texture_env_combine GL_EXT_texture_env_dot3 GL_EXT_texture_filter_anisotropic GL_EXT_texture_integer GL_EXT_texture_lod GL_EXT_texture_lod_bias GL_EXT_texture_mirror_clamp GL_EXT_texture_object GL_EXT_texture_shared_exponent GL_EXT_texture_sRGB GL_EXT_texture_sRGB_R8 GL_EXT_texture_sRGB_decode GL_EXT_texture_storage GL_EXT_texture_swizzle GL_EXT_timer_query GL_EXT_transform_feedback2 GL_EXT_vertex_array GL_EXT_vertex_array_bgra GL_EXT_vertex_attrib_64bit GL_EXT_window_rectangles GL_EXT_x11_sync_object GL_EXT_import_sync_object GL_NV_robustness_video_memory_purge GL_IBM_rasterpos_cli
p GL_IBM_texture_mirrored_repeat GL_KHR_context_flush_control GL_KHR_debug GL_EXT_memory_object GL_EXT_memory_object_fd GL_KHR_parallel_shader_compile GL_KHR_no_error GL_KHR_robust_buffer_access_behavior GL_KHR_robustness GL_EXT_semaphore GL_EXT_semaphore_fd GL_KTX_buffer_region GL_NV_alpha_to_coverage_dither_control GL_NV_bindless_multi_draw_indirect GL_NV_bindless_multi_draw_indirect_count GL_NV_bindless_texture GL_NV_blend_equation_advanced GL_NV_blend_square GL_NV_command_list GL_NV_compute_program5 GL_NV_conditional_render GL_NV_copy_depth_to_color GL_NV_copy_image GL_NV_depth_buffer_float GL_NV_depth_clamp GL_NV_draw_texture GL_NV_draw_vulkan_image GL_NV_ES1_1_compatibility GL_NV_ES3_1_compatibility GL_NV_explicit_multisample GL_NV_feature_query GL_NV_fence GL_NV_float_buffer GL_NV_fog_distance GL_NV_fragment_program GL_NV_fragment_program_option GL_NV_fragment_program2 GL_NV_framebuffer_multisample_coverage GL_NV_geometry_shader4 GL_NV_gpu_program4 GL_NV_internalformat_sample_query GL_NV_gpu_program4_
1 GL_NV_gpu_program5 GL_NV_gpu_program5_mem_extended GL_NV_gpu_program_fp64 GL_NV_gpu_shader5 GL_NV_half_float GL_NV_light_max_exponent GL_NV_multisample_coverage GL_NV_multisample_filter_hint GL_NV_occlusion_query GL_NV_packed_depth_stencil GL_NV_parameter_buffer_object GL_NV_parameter_buffer_object2 GL_NV_path_rendering GL_NV_pixel_data_range GL_NV_point_sprite GL_NV_primitive_restart GL_NV_query_resource GL_NV_query_resource_tag GL_NV_register_combiners GL_NV_register_combiners2 GL_NV_shader_atomic_counters GL_NV_shader_atomic_float GL_NV_shader_buffer_load GL_NV_shader_storage_buffer_object GL_NV_texgen_reflection GL_NV_texture_barrier GL_NV_texture_compression_vtc GL_NV_texture_env_combine4 GL_NV_texture_multisample GL_NV_texture_rectangle GL_NV_texture_rectangle_compressed GL_NV_texture_shader GL_NV_texture_shader2 GL_NV_texture_shader3 GL_NV_transform_feedback GL_NV_transform_feedback2 GL_NV_uniform_buffer_unified_memory GL_NV_vdpau_interop GL_NV_vertex_array_range GL_NV_vertex_array_range2 GL_NV_vert
ex_attrib_integer_64bit GL_NV_vertex_buffer_unified_memory GL_NV_vertex_program GL_NV_vertex_program1_1 GL_NV_vertex_program2 GL_NV_vertex_program2_option GL_NV_vertex_program3 GL_NVX_conditional_render GL_NVX_gpu_memory_info GL_NVX_nvenc_interop GL_NV_shader_thread_group GL_NV_shader_thread_shuffle GL_KHR_blend_equation_advanced GL_OVR_multiview GL_OVR_multiview2 GL_SGIS_generate_mipmap GL_SGIS_texture_lod GL_SGIX_depth_texture GL_SGIX_shadow GL_SUN_slice_accum
OPENGL LOG: Creating OpenGL 4.5 graphics device ; Context level  <OpenGL 4.5> ; Context handle -517340856
Initialize mono
Mono path[0] = '/opt/UnityLts/Editor/Data/Managed'
Mono path[1] = '/opt/UnityLts/Editor/Data/Mono/lib/mono/2.0'
Mono config path = '/opt/UnityLts/Editor/Data/Mono/etc'
Using monoOptions --debugger-agent=transport=dt_socket,embedding=1,defer=y,address=0.0.0.0:56488
Begin MonoManager ReloadAssembly
Initializing Unity.PackageManager (PackageManager) v2017.4.19 for Unity v2017.4.19f1
Registering precompiled unity dll's ...
Register platform support module: /opt/UnityLts/Editor/Data/PlaybackEngines/LinuxStandaloneSupport/UnityEditor.LinuxStandalone.Extensions.dll
Registered in 0.001925 seconds.
Registering platform support modules:
Registered platform support modules in: 0.100678s.
Native extension for LinuxStandalone target not found
Refreshing native plugins compatible for Editor in 0.00 ms, found 0 plugins.
Preloading 0 native plugins for Editor in 0.00 ms.
Mono: successfully reloaded assembly
- Completed reload, in  0.746 seconds
Platform modules already initialized, skipping
Begin MonoManager ReloadAssembly
Registering precompiled user dll's ...
Registered in 0.009410 seconds.
Initializing Unity.PackageManager (PackageManager) v2017.4.19 for Unity v2017.4.19f1
Registering platform support modules:
Registered platform support modules in: 0.0643656s.
Native extension for LinuxStandalone target not found
Refreshing native plugins compatible for Editor in 0.00 ms, found 0 plugins.
Preloading 0 native plugins for Editor in 0.00 ms.
Mono: successfully reloaded assembly
- Completed reload, in  0.567 seconds
Platform modules already initialized, skipping
Validating Project structure ... 0.000029 seconds.
Shader import version has changed; will reimport all shaders...
Upgrading shader files ...0.000022 seconds.
Refresh: detecting if any assets need to be imported or removed ... 
Hashing assets ... 0.100 seconds
  file open: 0.002 seconds (110 files)
  file read: 0.096 seconds (28.624 MB)
  hash: 0.032 seconds
----- Compute hash(es) for 55 asset(s).

*** 35b4e72ca46f44581b85082c4dc21d13 replaces 6cc58c7ed0d4b4c8fbb46e794712dbb7 at path packages/com.unity.ads/changelog.md 
*** b32abd1c9d73a4cce8389f084ac12b11 replaces 4bd1cc6df4b9b4d8581773635d783240 at path packages/com.unity.ads/editor/resources/android/builds/unity-ads.aar 
*** 10bf81265ad87424d946598c575f45a0 replaces 1cb5f1098f8d84bc48a9da3f1a60599d at path packages/com.unity.ads/editor/resources/editor/landscape.jpg 
*** 1b32bcce201b4494ea8848326290c5d5 replaces 90831a6cc63b743679b547034a9c42b4 at path packages/com.unity.ads/editor/resources/editor/portrait.jpg 
*** 7927683d1fc5848b5abfb54ebb1028ec replaces c0bbea8fffe634b0b9466e5c345b846a at path packages/com.unity.ads/editor/resources/ios/builds/unityads.framework/headers/uadsinapppurchasemetadata.h 
*** 1322fd896bbb15bb6e335591b766ae62 replaces 569f22275cf3349438e74ea3483ce017 at path packages/com.unity.ads/editor/resources/ios/builds/unityads.framework/headers/uadsjsonstorage.h 
*** b52e557db2c2b4eebb10444f1d582029 replaces 36ac15c33a5bf4a1f9b4982bdefe6287 at path packages/com.unity.ads/editor/resources/ios/builds/unityads.framework/headers/uadsmediationmetadata.h 
*** 86c008322e7c647149878156c5b81940 replaces c8a637a5ee6174382bdf60a1e728a72f at path packages/com.unity.ads/editor/resources/ios/builds/unityads.framework/headers/uadsmetadata.h 
*** 453f100e6bdae4dfd9e655927819dc85 replaces 9acfd973f36664f168f23d97c86dd782 at path packages/com.unity.ads/editor/resources/ios/builds/unityads.framework/headers/uadsplayermetadata.h 
*** c99bfe4fc4e5c4dc3917c14075acd117 replaces 5969a6d4a62b84946a5566efaa8f7ab7 at path packages/com.unity.ads/editor/resources/ios/builds/unityads.framework/headers/unityads.h 
*** a6842a74831964edc8fefa1c0aed89dc replaces 384b833198db8464d9ef83571a01c4e9 at path packages/com.unity.ads/editor/resources/ios/builds/unityads.framework/headers/unityadsextended.h 
*** ce4395ccdb12cf62fca756358be1a892 replaces 1faa5d817332f4ffe98f8f12bdcd142a at path packages/com.unity.ads/editor/resources/ios/builds/unityads.framework/headers/unityadsunitydelegate.h 
*** cc1b50b5501f748da8bec762294d9136 replaces 6205348d331764456af8d5cdbec29125 at path packages/com.unity.ads/editor/resources/ios/builds/unityads.framework/info.plist 
*** c5ba7626a737840ff88a3bd84b100482 replaces c99ad58eed9524acc880ad012aafc621 at path packages/com.unity.ads/editor/resources/ios/builds/unityads.framework/modules/module.modulemap 
*** d1c1a2d988f5148fd9ab17b2460d271e replaces 9a327cffe91534a98b56f9e032a83675 at path packages/com.unity.ads/editor/resources/ios/builds/unityads.framework/unityads 
*** a342381d77833427fa10621e38fbae10 replaces 16fa37679f4de4bf09c23ae55c157d4a at path packages/com.unity.ads/editor/unityeditor.advertisements.dll 
*** 6597c6ea86d36477081342001145d8d9 replaces 26b61d60c113346298d57fd345593968 at path packages/com.unity.ads/editor/unityeditor.advertisements.dll.mdb 
*** 4c6fe94acbb24417c988bab18cbd5209 replaces 643faa92998784c8fbd3a1fb1088b11a at path packages/com.unity.ads/license.md 
*** 62772aad98ed04f0d955b7d20de61f7f replaces 0eb38092526b34179a87bebc8c705d6f at path packages/com.unity.ads/readme.md 
*** 3b07d432cba2a4c4f8a2fdea984620b8 replaces 474c7208a5e134bb192bccebed5fe503 at path packages/com.unity.ads/unityengine.advertisements.dll 
*** 5e57a6c62c1ec47d0bceb70495845164 replaces dcdf4b8f53d434e3ebf945775f246047 at path packages/com.unity.ads/unityengine.advertisements.dll.mdb 
*** dced8f6ea9f964e8e8e61574ea889d21 replaces ef47e481447224096b1b884a62ea8b7c at path packages/com.unity.ads/package.json 
*** bcd27da1c9ae94d2cafe094482a20792 replaces 4090620a6c7fc4c90adbf5c35510baa7 at path packages/com.unity.analytics/changelog.md 
*** 4e7c9ab97e5884e4eaa5967e9024f39c replaces 5d8b639d3daa54e659811c84d63d20fa at path packages/com.unity.analytics/editor/analyticseventtracker icon.png 
*** 224ede67b4f3a4109bfec4d5cb161b05 replaces 689c418b14cee42958097468a51858d2 at path packages/com.unity.analytics/editor/unityeditor.analytics.dll 
*** fec197bad419341558f81f2ec8a05e18 replaces eb6fff859d44f408e904a3792ed263c2 at path packages/com.unity.analytics/editor/unityeditor.analytics.dll.mdb 
*** 15bf9c691b85b41a39c18bee2f87e21b replaces b192c2521b83c4ed89d1be295f54d8d2 at path packages/com.unity.analytics/license.md 
*** 884f8f0e4025a420893d3a8d1d3063e1 replaces 7de2244d1db8d4d54ae8183cc8afc1db at path packages/com.unity.analytics/readme.md 
*** 220224b43fc464c28bc0e8de8f54a432 replaces ca524ec07bffd4b0cb8ca6fb82cb3f70 at path packages/com.unity.analytics/unityengine.analytics.dll 
*** d607a67dc772b484da060e66a3d61a4e replaces 3ef5f32cb667b4d06af6ad563624ba3f at path packages/com.unity.analytics/unityengine.analytics.dll.mdb 
*** 510d1d319d2754ea4a47c6dd8c421ea0 replaces 8e75c2ce77cac47a888e886bc8e2fd94 at path packages/com.unity.analytics/package.json 
*** f1045c695c5bf4fb7b8509687bc60fc0 replaces 5a3bf791719f54701b6ad5a6bcf477e6 at path packages/com.unity.purchasing/editor/unityeditor.purchasing.dll 
*** 9de9e8523c82543c5b3e40a4b51aa2c9 replaces cb7f6e44461f54825b1efd92483b516e at path packages/com.unity.purchasing/editor/unityeditor.purchasing.dll.mdb 
*** 90791303b72ec4ae198f99d637dfdf6c replaces f17ef3eb4a6784982b9c8cae175b82fa at path packages/com.unity.purchasing/readme.md 
*** b5f4343795a0e4626ac1fe4a9e6fce59 replaces 254cb8db6e4f54924ab7d92079d8f5aa at path packages/com.unity.purchasing/unityengine.purchasing.dll 
*** 86c18994495874297b469aaa57ef9b44 replaces 51bd7eb2ef5844cff8f4bdffe0b08dde at path packages/com.unity.purchasing/unityengine.purchasing.dll.mdb 
*** 44f39a74ca5ee4bf5936b17e901f251c replaces acd64f7f35cbb477588b17bf634e8e0c at path packages/com.unity.purchasing/package.json 
*** 76349cec627454d3a80423a2eeaf0e63 replaces f278f3f729082440f83d4d710254ceed at path packages/com.unity.standardevents/changelog.md 
*** 15be9c691b85a41a39c18beeff87e21b replaces 6c8e06ec01e2e4b27a338e26bb1e4b30 at path packages/com.unity.standardevents/license.md 
*** 0621b4aab2236437592f1f292cb81d20 replaces c70579a2a11644a628e7970b4784119a at path packages/com.unity.standardevents/readme.md 
*** dce91326f102345f3ba2f0987c0679c2 replaces b419a759bc42b405b89f57b9d74b4858 at path packages/com.unity.standardevents/unityengine.standardevents.dll 
*** 36e8bb3feb5e6402185947b817a6ed8d replaces 9ba84f1d1e0d34d3d807837816713ff5 at path packages/com.unity.standardevents/unityengine.standardevents.dll.mdb 
*** 84aec3c9054b3402293139f2c0bc1029 replaces 4837a41784af34e3e9880b5c2d995b4e at path packages/com.unity.standardevents/package.json 
Refresh: elapses 0.164585 seconds
Refresh: trashing asset 26b61d60c113346298d57fd345593968
Refresh: trashing asset ca524ec07bffd4b0cb8ca6fb82cb3f70
Refresh: trashing asset 384b833198db8464d9ef83571a01c4e9
Refresh: trashing asset ef47e481447224096b1b884a62ea8b7c
Refresh: trashing asset 1faa5d817332f4ffe98f8f12bdcd142a
Refresh: trashing asset 5a3bf791719f54701b6ad5a6bcf477e6
Refresh: trashing asset b192c2521b83c4ed89d1be295f54d8d2
Refresh: trashing asset 0eb38092526b34179a87bebc8c705d6f
Refresh: trashing asset 643faa92998784c8fbd3a1fb1088b11a
Refresh: trashing asset c70579a2a11644a628e7970b4784119a
Refresh: trashing asset 51bd7eb2ef5844cff8f4bdffe0b08dde
Refresh: trashing asset 9acfd973f36664f168f23d97c86dd782
Refresh: trashing asset 36ac15c33a5bf4a1f9b4982bdefe6287
Refresh: trashing asset cb7f6e44461f54825b1efd92483b516e
Refresh: trashing asset 5969a6d4a62b84946a5566efaa8f7ab7
Refresh: trashing asset eb6fff859d44f408e904a3792ed263c2
Refresh: trashing asset c8a637a5ee6174382bdf60a1e728a72f
Refresh: trashing asset 4837a41784af34e3e9880b5c2d995b4e
Refresh: trashing asset 569f22275cf3349438e74ea3483ce017
Refresh: trashing asset 16fa37679f4de4bf09c23ae55c157d4a
Refresh: trashing asset f278f3f729082440f83d4d710254ceed
Refresh: trashing asset 474c7208a5e134bb192bccebed5fe503
Refresh: trashing asset 1cb5f1098f8d84bc48a9da3f1a60599d
Refresh: trashing asset b419a759bc42b405b89f57b9d74b4858
Refresh: trashing asset 4090620a6c7fc4c90adbf5c35510baa7
Refresh: trashing asset 689c418b14cee42958097468a51858d2
Refresh: trashing asset 254cb8db6e4f54924ab7d92079d8f5aa
Refresh: trashing asset f17ef3eb4a6784982b9c8cae175b82fa
Refresh: trashing asset 3ef5f32cb667b4d06af6ad563624ba3f
Refresh: trashing asset 90831a6cc63b743679b547034a9c42b4
Refresh: trashing asset 6c8e06ec01e2e4b27a338e26bb1e4b30
Refresh: trashing asset 9ba84f1d1e0d34d3d807837816713ff5
Refresh: trashing asset 7de2244d1db8d4d54ae8183cc8afc1db
Refresh: trashing asset 4bd1cc6df4b9b4d8581773635d783240
Refresh: trashing asset 6205348d331764456af8d5cdbec29125
Refresh: trashing asset 5d8b639d3daa54e659811c84d63d20fa
Refresh: trashing asset 6cc58c7ed0d4b4c8fbb46e794712dbb7
Refresh: trashing asset c99ad58eed9524acc880ad012aafc621
Refresh: trashing asset 8e75c2ce77cac47a888e886bc8e2fd94
Refresh: trashing asset acd64f7f35cbb477588b17bf634e8e0c
Refresh: trashing asset c0bbea8fffe634b0b9466e5c345b846a
Refresh: trashing asset dcdf4b8f53d434e3ebf945775f246047
Refresh: trashing asset 9a327cffe91534a98b56f9e032a83675
Updating Assets - GUID: 00000000000000001000000000000000...
 done. [Time: 30.955000 ms] 
Updating ProjectSettings/InputManager.asset - GUID: 00000000000000002000000000000000...
 done. [Time: 1.330000 ms] 
Updating ProjectSettings/TagManager.asset - GUID: 00000000000000003000000000000000...
 done. [Time: 1.125000 ms] 
Updating ProjectSettings/ProjectSettings.asset - GUID: 00000000000000004000000000000000...
 done. [Time: 7.368000 ms] 
Updating ProjectSettings/NavMeshAreas.asset - GUID: 00000000000000004100000000000000...
 done. [Time: 1.149000 ms] 
Updating Library/BuildPlayer.prefs - GUID: 00000000000000005000000000000000...
 done. [Time: 1.978000 ms] 
Updating ProjectSettings/Physics2DSettings.asset - GUID: 00000000000000005100000000000000...
 done. [Time: 1.148000 ms] 
Updating ProjectSettings/AudioManager.asset - GUID: 00000000000000006000000000000000...
Audio: FMOD Profiler initialized on port 54900
AudioManager: Using PulseAudio: Default Output Device
 done. [Time: 82.061000 ms] 
Updating ProjectSettings/GraphicsSettings.asset - GUID: 00000000000000006100000000000000...
 done. [Time: 3.801000 ms] 
Updating ProjectSettings/TimeManager.asset - GUID: 00000000000000007000000000000000...
 done. [Time: 3.474000 ms] 
Updating ProjectSettings/ClusterInputManager.asset - GUID: 00000000000000007100000000000000...
 done. [Time: 1.239000 ms] 
Updating ProjectSettings/DynamicsManager.asset - GUID: 00000000000000008000000000000000...
 done. [Time: 1.134000 ms] 
Updating ProjectSettings/QualitySettings.asset - GUID: 00000000000000009000000000000000...
 done. [Time: 1.133000 ms] 
Updating ProjectSettings/NetworkManager.asset - GUID: 0000000000000000a000000000000000...
 done. [Time: 1.162000 ms] 
Updating ProjectSettings/UnityConnectSettings.asset - GUID: 0000000000000000a100000000000000...
 done. [Time: 1.122000 ms] 
Updating ProjectSettings/EditorBuildSettings.asset - GUID: 0000000000000000b000000000000000...
 done. [Time: 1.092000 ms] 
Updating ProjectSettings/EditorSettings.asset - GUID: 0000000000000000c000000000000000...
 done. [Time: 1.144000 ms] 
Updating Packages/com.unity.purchasing - GUID: 64ade94cb3a4d48388b00f03cb4e8db1...
 done. [Time: 0.800000 ms] 
Updating Packages/com.unity.standardevents - GUID: 6de50f3438ba44808a9ce969f3361d32...
 done. [Time: 0.781000 ms] 
Updating Packages/com.unity.analytics - GUID: ab64b7d358fc2471ba7c65af1c2831f1...
 done. [Time: 0.798000 ms] 
Updating Packages/com.unity.ads - GUID: bc91b67b8ce4e4a2cac2269638453a3d...
 done. [Time: 0.771000 ms] 
Updating Packages/com.unity.standardevents/Documentation - GUID: 097f95690c4fe40c88fd20e619cd15d1...
 done. [Time: 0.865000 ms] 
Updating Packages/com.unity.standardevents/UnityEngine.StandardEvents.dll.mdb - GUID: 36e8bb3feb5e6402185947b817a6ed8d...
 done. [Time: 1.191000 ms] 
Updating Packages/com.unity.ads/UnityEngine.Advertisements.dll.mdb - GUID: 5e57a6c62c1ec47d0bceb70495845164...
 done. [Time: 1.017000 ms] 
Updating Packages/com.unity.analytics/Editor - GUID: 7fd5e77e7e7ea4eea8198138cd9cc814...
 done. [Time: 0.833000 ms] 
Updating Packages/com.unity.purchasing/UnityEngine.Purchasing.dll.mdb - GUID: 86c18994495874297b469aaa57ef9b44...
 done. [Time: 0.993000 ms] 
Updating Packages/com.unity.analytics/Documentation - GUID: 9313cd5a0340e4cf2ba62d5c7a398d33...
 done. [Time: 0.871000 ms] 
Updating Packages/com.unity.ads/Editor - GUID: a37e18887fa954edf92bc36bc353b879...
 done. [Time: 0.835000 ms] 
Updating Packages/com.unity.analytics/UnityEngine.Analytics.dll.mdb - GUID: d607a67dc772b484da060e66a3d61a4e...
 done. [Time: 0.979000 ms] 
Updating Packages/com.unity.purchasing/Editor - GUID: d929147d9f78c487397abb40f2c257b0...
 done. [Time: 0.834000 ms] 
Updating Packages/com.unity.ads/Editor/UnityEditor.Advertisements.dll.mdb - GUID: 6597c6ea86d36477081342001145d8d9...
 done. [Time: 1.119000 ms] 
Updating Packages/com.unity.ads/Editor/Resources - GUID: 7c3a5d6e39b874f468b2691537168513...
 done. [Time: 0.834000 ms] 
Updating Packages/com.unity.purchasing/Editor/UnityEditor.Purchasing.dll.mdb - GUID: 9de9e8523c82543c5b3e40a4b51aa2c9...
 done. [Time: 1.009000 ms] 
Updating Packages/com.unity.analytics/Editor/UnityEditor.Analytics.dll.mdb - GUID: fec197bad419341558f81f2ec8a05e18...
 done. [Time: 1.013000 ms] 
Updating Packages/com.unity.ads/Editor/Resources/Android - GUID: 48986928cc2a449dbaecdd1654bc9bf6...
 done. [Time: 0.843000 ms] 
Updating Packages/com.unity.ads/Editor/Resources/iOS - GUID: 4f234578336894dc081edf696f2ff5f2...
 done. [Time: 0.869000 ms] 
Updating Packages/com.unity.ads/Editor/Resources/Editor - GUID: 99ddb49592ff84811804420a1910cb89...
 done. [Time: 0.860000 ms] 
Updating Packages/com.unity.ads/Editor/Resources/iOS/builds - GUID: 2d4d46c70fdd242668a56e99799e8540...
 done. [Time: 0.954000 ms] 
Updating Packages/com.unity.ads/Editor/Resources/Android/builds - GUID: f28fcced5af094cf78eb4e1109a71981...
 done. [Time: 0.867000 ms] 
Updating Packages/com.unity.ads/Editor/Resources/iOS/builds/UnityAds.framework - GUID: eeed6954b3c264ca0b28a92aa6289bf0...
 done. [Time: 1.217000 ms] 
Updating Packages/com.unity.ads/Editor/Resources/iOS/builds/UnityAds.framework/Modules - GUID: 3cebe1a96232b44388b30b2f72dde434...
 done. [Time: 0.847000 ms] 
Updating Packages/com.unity.ads/Editor/Resources/iOS/builds/UnityAds.framework/Headers - GUID: 6e7c8cfeedae74eb3a562055e069e441...
 done. [Time: 0.850000 ms] 
Updating Packages/com.unity.ads/Editor/Resources/iOS/builds/UnityAds.framework/Info.plist - GUID: cc1b50b5501f748da8bec762294d9136...
 done. [Time: 0.947000 ms] 
Updating Packages/com.unity.ads/Editor/Resources/iOS/builds/UnityAds.framework/UnityAds - GUID: d1c1a2d988f5148fd9ab17b2460d271e...
 done. [Time: 0.861000 ms] 
Updating Packages/com.unity.ads/Editor/Resources/iOS/builds/UnityAds.framework/Headers/UADSJsonStorage.h - GUID: 1322fd896bbb15bb6e335591b766ae62...
 done. [Time: 1.110000 ms] 
Updating Packages/com.unity.ads/Editor/Resources/iOS/builds/UnityAds.framework/Headers/UADSPlayerMetaData.h - GUID: 453f100e6bdae4dfd9e655927819dc85...
 done. [Time: 0.964000 ms] 
Updating Packages/com.unity.ads/Editor/Resources/iOS/builds/UnityAds.framework/Headers/UADSInAppPurchaseMetaData.h - GUID: 7927683d1fc5848b5abfb54ebb1028ec...
 done. [Time: 0.965000 ms] 
Updating Packages/com.unity.ads/Editor/Resources/iOS/builds/UnityAds.framework/Headers/UADSMetaData.h - GUID: 86c008322e7c647149878156c5b81940...
 done. [Time: 1.004000 ms] 
Updating Packages/com.unity.ads/Editor/Resources/iOS/builds/UnityAds.framework/Headers/UnityAdsExtended.h - GUID: a6842a74831964edc8fefa1c0aed89dc...
 done. [Time: 0.970000 ms] 
Updating Packages/com.unity.ads/Editor/Resources/iOS/builds/UnityAds.framework/Headers/UADSMediationMetaData.h - GUID: b52e557db2c2b4eebb10444f1d582029...
 done. [Time: 0.954000 ms] 
Updating Packages/com.unity.ads/Editor/Resources/iOS/builds/UnityAds.framework/Modules/module.modulemap - GUID: c5ba7626a737840ff88a3bd84b100482...
 done. [Time: 0.950000 ms] 
Updating Packages/com.unity.ads/Editor/Resources/iOS/builds/UnityAds.framework/Headers/UnityAds.h - GUID: c99bfe4fc4e5c4dc3917c14075acd117...
 done. [Time: 0.969000 ms] 
Updating Packages/com.unity.ads/Editor/Resources/iOS/builds/UnityAds.framework/Headers/UnityAdsUnityDelegate.h - GUID: ce4395ccdb12cf62fca756358be1a892...
 done. [Time: 0.959000 ms] 
Updating /opt/UnityLts/Editor/Data/UnityExtensions/Unity/VR/OSXUniversal/AudioPluginOculusSpatializer.bundle - GUID: 32188fd89022c154c81befa2f0e00be0...
 done. [Time: 1.322000 ms] 
Updating /opt/UnityLts/Editor/Data/UnityExtensions/Unity/VR/OSXUniversal/OVRPlugin.bundle - GUID: 5782f9e9e6e0bb94bac99aeea24814fc...
 done. [Time: 1.207000 ms] 
Updating /opt/UnityLts/Editor/Data/UnityExtensions/Unity/VR/OSXUniversal/openvr_api.bundle - GUID: d33d54853fd0f48e0ac8a63ea91e6626...
 done. [Time: 1.461000 ms] 
Updating /opt/UnityLts/Editor/Data/UnityExtensions/Unity/UnityHoloLens/Editor/UnityEditor.HoloLens.dll - GUID: 12fd8a0055b84bb59e84c9835a37e333...
 done. [Time: 66.253000 ms] 
Updating /opt/UnityLts/Editor/Data/UnityExtensions/Unity/UnityHoloLens/RuntimeEditor/UnityEngine.HoloLens.dll - GUID: 1c6d1fbb51834b64847b1b73a75bfc77...
 done. [Time: 7.031000 ms] 
Updating Packages/com.unity.analytics/UnityEngine.Analytics.dll - GUID: 220224b43fc464c28bc0e8de8f54a432...
 done. [Time: 15.688000 ms] 
Updating Packages/com.unity.analytics/Editor/UnityEditor.Analytics.dll - GUID: 224ede67b4f3a4109bfec4d5cb161b05...
 done. [Time: 30.122000 ms] 
Updating /opt/UnityLts/Editor/Data/UnityExtensions/Unity/UnitySpatialTracking/RuntimeEditor/UnityEngine.SpatialTracking.dll - GUID: 3a84de5cd0624681b6b6dcd8921d912a...
 done. [Time: 3.126000 ms] 
Updating Packages/com.unity.ads/UnityEngine.Advertisements.dll - GUID: 3b07d432cba2a4c4f8a2fdea984620b8...
 done. [Time: 23.250000 ms] 
Updating /opt/UnityLts/Editor/Data/UnityExtensions/Unity/TestRunner/Editor/UnityEditor.TestRunner.dll - GUID: 4113173d5e95493ab8765d7b08371de4...
 done. [Time: 34.970000 ms] 
Updating /opt/UnityLts/Editor/Data/UnityExtensions/Unity/UnityGoogleAudioSpatializer/Editor/UnityEditor.GoogleAudioSpatializer.dll - GUID: 4a3ecb1425d14502837abea459cf2b70...
 done. [Time: 29.077000 ms] 
Updating /opt/UnityLts/Editor/Data/UnityExtensions/Unity/TestRunner/net35/unity-custom/nunit.framework.dll - GUID: 4b3fa4bde7f1451a8218c03ee6a8ded8...
 done. [Time: 13.376000 ms] 
Updating /opt/UnityLts/Editor/Data/UnityExtensions/Unity/UnityVR/Editor/UnityEditor.VR.dll - GUID: 4ba2329b63d54f0187bcaa12486b1b0f...
 done. [Time: 2.909000 ms] 
Updating /opt/UnityLts/Editor/Data/UnityExtensions/Unity/TestRunner/UnityEngine.TestRunner.dll - GUID: 53ebcfaa2e1e4e2dbc85882cd5a73fa1...
 done. [Time: 22.768000 ms] 
Updating /opt/UnityLts/Editor/Data/UnityExtensions/Unity/Networking/Editor/UnityEditor.Networking.dll - GUID: 5f32cd94baa94578a686d4b9d6b660f7...
 done. [Time: 23.153000 ms] 
Updating /opt/UnityLts/Editor/Data/UnityExtensions/Unity/Timeline/Runtime/UnityEngine.Timeline.dll - GUID: 6a10b2909283487f913b00d94cd3faf5...
 done. [Time: 25.628000 ms] 
Updating /opt/UnityLts/Editor/Data/UnityExtensions/Unity/Timeline/Editor/UnityEditor.Timeline.dll - GUID: 7668179ede524d6396c8b7d84461ea29...
 done. [Time: 37.371000 ms] 
Updating /opt/UnityLts/Editor/Data/UnityExtensions/Unity/GUISystem/Editor/UnityEditor.UI.dll - GUID: 80a3616ca19596e4da0f10f14d241e9f...
 done. [Time: 27.493000 ms] 
Updating /opt/UnityLts/Editor/Data/UnityExtensions/Unity/Timeline/RuntimeEditor/UnityEngine.Timeline.dll - GUID: 844f815391db42d49455cbf1a7bfc434...
 done. [Time: 26.094000 ms] 
Updating /opt/UnityLts/Editor/Data/UnityExtensions/Unity/Networking/UnityEngine.Networking.dll - GUID: 870353891bb340e2b2a9c8707e7419ba...
 done. [Time: 15.818000 ms] 
Updating Packages/com.unity.ads/Editor/UnityEditor.Advertisements.dll - GUID: a342381d77833427fa10621e38fbae10...
 done. [Time: 2.970000 ms] 
Updating /opt/UnityLts/Editor/Data/UnityExtensions/Unity/TreeEditor/Editor/UnityEditor.TreeEditor.dll - GUID: adebbd281f1a4ef3a30be7f21937e02f...
 done. [Time: 27.719000 ms] 
Updating /opt/UnityLts/Editor/Data/UnityExtensions/Unity/UnitySpatialTracking/Editor/UnityEditor.SpatialTracking.dll - GUID: b5da970776034f77a070d99423d68791...
 done. [Time: 19.028000 ms] 
Updating Packages/com.unity.purchasing/UnityEngine.Purchasing.dll - GUID: b5f4343795a0e4626ac1fe4a9e6fce59...
 done. [Time: 12.071000 ms] 
Updating /opt/UnityLts/Editor/Data/UnityExtensions/Unity/UIAutomation/Editor/UnityEditor.UIAutomation.dll - GUID: b8a0574e92bd43a59e19d6c3c6ae54c7...
 done. [Time: 25.529000 ms] 
Updating /opt/UnityLts/Editor/Data/UnityExtensions/Unity/UIAutomation/UnityEngine.UIAutomation.dll - GUID: c768acbc9cf24d398488bb4c93b91288...
 done. [Time: 2.701000 ms] 
Updating /opt/UnityLts/Editor/Data/UnityExtensions/Unity/Networking/Standalone/UnityEngine.Networking.dll - GUID: dc443db3e92b4983b9738c1131f555cb...
 done. [Time: 19.382000 ms] 
Updating Packages/com.unity.standardevents/UnityEngine.StandardEvents.dll - GUID: dce91326f102345f3ba2f0987c0679c2...
 done. [Time: 11.590000 ms] 
Updating /opt/UnityLts/Editor/Data/UnityExtensions/Unity/UnityGoogleAudioSpatializer/Runtime/UnityEngine.GoogleAudioSpatializer.dll - GUID: e4f4cf1b9b434137a499903a7a1d651a...
 done. [Time: 18.961000 ms] 
Updating /opt/UnityLts/Editor/Data/UnityExtensions/Unity/UnityGoogleAudioSpatializer/RuntimeEditor/UnityEngine.GoogleAudioSpatializer.dll - GUID: ead147da21254ff9a0a936bdd75e1680...
 done. [Time: 19.957000 ms] 
Updating /opt/UnityLts/Editor/Data/UnityExtensions/Unity/UnitySpatialTracking/Runtime/UnityEngine.SpatialTracking.dll - GUID: ed7343f30e3843b3afda8f8b02669cea...
 done. [Time: 3.387000 ms] 
Updating Packages/com.unity.purchasing/Editor/UnityEditor.Purchasing.dll - GUID: f1045c695c5bf4fb7b8509687bc60fc0...
 done. [Time: 2.327000 ms] 
Updating /opt/UnityLts/Editor/Data/UnityExtensions/Unity/GUISystem/UnityEngine.UI.dll - GUID: f5f67c52d1564df4a8936ccd202a3bd8...
 done. [Time: 30.338000 ms] 
Updating /opt/UnityLts/Editor/Data/UnityExtensions/Unity/GUISystem/Standalone/UnityEngine.UI.dll - GUID: f70555f144d8491a825f0804e09c671c...
 done. [Time: 29.582000 ms] 
Updating /opt/UnityLts/Editor/Data/UnityExtensions/Unity/UnityHoloLens/Runtime/UnityEngine.HoloLens.dll - GUID: f7b54ff4a43d4fcf81b4538b678e0bcc...
 done. [Time: 9.380000 ms] 
Reloading assemblies after forced synchronous recompile.
Begin MonoManager ReloadAssembly
Initializing Unity.PackageManager (PackageManager) v2017.4.19 for Unity v2017.4.19f1
Registering platform support modules:
Registered platform support modules in: 0.0644621s.
Native extension for LinuxStandalone target not found
Refreshing native plugins compatible for Editor in 5.28 ms, found 0 plugins.
Preloading 0 native plugins for Editor in 0.00 ms.
Mono: successfully reloaded assembly
- Completed reload, in  0.636 seconds
Platform modules already initialized, skipping
Updating /opt/UnityLts/Editor/Data/UnityExtensions/Unity/TestRunner/portable/nunit.framework.dll - GUID: 405b9b51bb344a128608d968297df79c...
 done. [Time: 27.401000 ms] 
Updating Packages/com.unity.ads/Editor/Resources/Editor/landscape.jpg - GUID: 10bf81265ad87424d946598c575f45a0...
Launched and connected shader compiler UnityShaderCompiler after 0.06 seconds
 done. [Time: 572.656000 ms] 
Updating Packages/com.unity.ads/Editor/Resources/Editor/portrait.jpg - GUID: 1b32bcce201b4494ea8848326290c5d5...
 done. [Time: 241.822000 ms] 
Updating Packages/com.unity.analytics/Editor/AnalyticsEventTracker icon.png - GUID: 4e7c9ab97e5884e4eaa5967e9024f39c...
 done. [Time: 5.282000 ms] 
Updating Packages/com.unity.analytics/Documentation/analytics.md - GUID: 05344bfd162b2421fbb75729d78e004e...
 done. [Time: 1.380000 ms] 
Updating Packages/com.unity.standardevents/README.md - GUID: 0621b4aab2236437592f1f292cb81d20...
 done. [Time: 1.405000 ms] 
Updating /opt/UnityLts/Editor/Data/UnityExtensions/Unity/VR/Android/libAudioPluginOculusSpatializer.so - GUID: 0d3bb855445e36e479c85976fc88383a...
 done. [Time: 1.726000 ms] 
Updating Packages/com.unity.standardevents/License.md - GUID: 15be9c691b85a41a39c18beeff87e21b...
 done. [Time: 1.328000 ms] 
Updating Packages/com.unity.analytics/License.md - GUID: 15bf9c691b85b41a39c18bee2f87e21b...
 done. [Time: 1.213000 ms] 
Updating /opt/UnityLts/Editor/Data/UnityExtensions/Unity/VR/Win/OVRPlugin.dll - GUID: 21eff446d50eaf44a85985cd4c0b6fa1...
 done. [Time: 1.556000 ms] 
Updating /opt/UnityLts/Editor/Data/UnityExtensions/Unity/VR/Win64/AudioPluginOculusSpatializer.dll - GUID: 2682a692a2be7e14e901a738c7806da0...
 done. [Time: 1.708000 ms] 
Updating Packages/com.unity.ads/CHANGELOG.md - GUID: 35b4e72ca46f44581b85082c4dc21d13...
 done. [Time: 1.182000 ms] 
Updating /opt/UnityLts/Editor/Data/UnityExtensions/Unity/VR/Android/gvr.aar - GUID: 38c8faf1788024c02930a0c68a6e0edc...
 done. [Time: 1.591000 ms] 
Updating Packages/com.unity.purchasing/package.json - GUID: 44f39a74ca5ee4bf5936b17e901f251c...
 done. [Time: 1.178000 ms] 
Updating Packages/com.unity.ads/License.md - GUID: 4c6fe94acbb24417c988bab18cbd5209...
 done. [Time: 1.181000 ms] 
Updating Packages/com.unity.analytics/package.json - GUID: 510d1d319d2754ea4a47c6dd8c421ea0...
 done. [Time: 1.117000 ms] 
Updating /opt/UnityLts/Editor/Data/UnityExtensions/Unity/VR/Android/OVRPlugin.aar - GUID: 517af1b5b81b93b43b9745d58f017562...
 done. [Time: 1.616000 ms] 
Updating Packages/com.unity.ads/README.md - GUID: 62772aad98ed04f0d955b7d20de61f7f...
 done. [Time: 1.270000 ms] 
Updating /opt/UnityLts/Editor/Data/UnityExtensions/Unity/Tango/Android/unitygar.aar - GUID: 75799de484ac4f4cadc268d2cbea830a...
 done. [Time: 1.537000 ms] 
Updating Packages/com.unity.standardevents/CHANGELOG.md - GUID: 76349cec627454d3a80423a2eeaf0e63...
 done. [Time: 1.335000 ms] 
Updating Packages/com.unity.standardevents/package.json - GUID: 84aec3c9054b3402293139f2c0bc1029...
 done. [Time: 1.164000 ms] 
Updating Packages/com.unity.analytics/README.md - GUID: 884f8f0e4025a420893d3a8d1d3063e1...
 done. [Time: 1.238000 ms] 
Updating /opt/UnityLts/Editor/Data/UnityExtensions/Unity/VR/Win/AudioPluginOculusSpatializer.dll - GUID: 8e7066e382b0fc749b25dbb1a3004dfe...
 done. [Time: 1.669000 ms] 
Updating Packages/com.unity.purchasing/README.md - GUID: 90791303b72ec4ae198f99d637dfdf6c...
 done. [Time: 1.218000 ms] 
Updating Packages/com.unity.standardevents/Documentation/standardevents.md - GUID: 9f634ed7dd4d6497e893783965f70ab9...
 done. [Time: 1.242000 ms] 
Updating /opt/UnityLts/Editor/Data/UnityExtensions/Unity/VR/Android/libprotobuf-java-nano.jar - GUID: b2b693dffac3a4433b3114fea0b7fd4e...
 done. [Time: 1.493000 ms] 
Updating /opt/UnityLts/Editor/Data/UnityExtensions/Unity/VR/Win64/OVRPlugin.dll - GUID: b2bead50dbf86924f8e51f03ddbebf70...
 done. [Time: 1.646000 ms] 
Updating Packages/com.unity.ads/Editor/Resources/Android/builds/unity-ads.aar - GUID: b32abd1c9d73a4cce8389f084ac12b11...
 done. [Time: 1.525000 ms] 
Updating Packages/com.unity.analytics/CHANGELOG.md - GUID: bcd27da1c9ae94d2cafe094482a20792...
 done. [Time: 1.217000 ms] 
Updating Packages/com.unity.ads/package.json - GUID: dced8f6ea9f964e8e8e61574ea889d21...
 done. [Time: 1.216000 ms] 
Updating /opt/UnityLts/Editor/Data/UnityExtensions/Unity/VR/Android/unitygvr.aar - GUID: e1007cd261c84053beb0c3537782908d...
 done. [Time: 1.451000 ms] 
Unloading 54 Unused Serialized files (Serialized files now loaded: 0)
System memory in use before: 14.5 MB.
System memory in use after: 14.6 MB.

Unloading 84 unused Assets to reduce memory usage. Loaded Objects now: 644.
Total: 2.490000 ms (FindLiveObjects: 0.232000 ms CreateObjectMapping: 0.016000 ms MarkObjects: 1.522000 ms  DeleteObjects: 0.719000 ms)

Refreshing native plugins compatible for Editor in 12.00 ms, found 0 plugins.
Preloading 0 native plugins for Editor in 0.00 ms.

----- Total AssetImport time: 2.597421s, AssetImport time: 2.419514s, Asset hashing: 0.100488s [28.6 MB, 284.853027 mb/s]

Updating ProjectSettings/InputManager.asset - GUID: 00000000000000002000000000000000...
 done. [Time: 1.168000 ms] 
Updating ProjectSettings/TagManager.asset - GUID: 00000000000000003000000000000000...
 done. [Time: 0.825000 ms] 
Updating ProjectSettings/ProjectSettings.asset - GUID: 00000000000000004000000000000000...
 done. [Time: 0.906000 ms] 
Updating ProjectSettings/NavMeshAreas.asset - GUID: 00000000000000004100000000000000...
 done. [Time: 0.788000 ms] 
Updating ProjectSettings/Physics2DSettings.asset - GUID: 00000000000000005100000000000000...
 done. [Time: 0.783000 ms] 
Updating ProjectSettings/AudioManager.asset - GUID: 00000000000000006000000000000000...
 done. [Time: 0.774000 ms] 
Updating ProjectSettings/GraphicsSettings.asset - GUID: 00000000000000006100000000000000...
 done. [Time: 0.896000 ms] 
Updating ProjectSettings/TimeManager.asset - GUID: 00000000000000007000000000000000...
 done. [Time: 0.777000 ms] 
Updating ProjectSettings/ClusterInputManager.asset - GUID: 00000000000000007100000000000000...
 done. [Time: 0.822000 ms] 
Updating ProjectSettings/DynamicsManager.asset - GUID: 00000000000000008000000000000000...
 done. [Time: 0.793000 ms] 
Updating ProjectSettings/QualitySettings.asset - GUID: 00000000000000009000000000000000...
 done. [Time: 0.830000 ms] 
Updating ProjectSettings/NetworkManager.asset - GUID: 0000000000000000a000000000000000...
 done. [Time: 0.923000 ms] 
Updating ProjectSettings/UnityConnectSettings.asset - GUID: 0000000000000000a100000000000000...
 done. [Time: 0.788000 ms] 
Updating ProjectSettings/EditorBuildSettings.asset - GUID: 0000000000000000b000000000000000...
 done. [Time: 0.777000 ms] 
Updating ProjectSettings/EditorSettings.asset - GUID: 0000000000000000c000000000000000...
 done. [Time: 0.800000 ms] 
Unloading 62 Unused Serialized files (Serialized files now loaded: 0)
System memory in use before: 14.2 MB.
System memory in use after: 14.2 MB.

Unloading 47 unused Assets to reduce memory usage. Loaded Objects now: 644.
Total: 1.494000 ms (FindLiveObjects: 0.179000 ms CreateObjectMapping: 0.016000 ms MarkObjects: 1.180000 ms  DeleteObjects: 0.118000 ms)

Refreshing native plugins compatible for Editor in 11.88 ms, found 0 plugins.
Preloading 0 native plugins for Editor in 0.00 ms.

----- Total AssetImport time: 0.092603s, AssetImport time: 0.052975s, Asset hashing: 0.000000s [0 B, 0.000000 mb/s]

Refresh: detecting if any assets need to be imported or removed ... Refresh: elapses 0.000796 seconds (Nothing changed)
Determining assets that need to be reimported for target platform ... 0.014991 seconds.

Hashing assets ... 0.000 seconds
  file open: 0.000 seconds (0 files)
  file read: 0.000 seconds (0.000 MB)
  hash: 0.000 seconds
Refreshing native plugins compatible for Editor in 0.30 ms, found 0 plugins.
Preloading 0 native plugins for Editor in 0.00 ms.

----- Total AssetImport time: 0.015705s, AssetImport time: 0.000000s, Asset hashing: 0.000000s [0 B, 0.000000 mb/s]

Updating ProjectSettings/ProjectSettings.asset - GUID: 00000000000000004000000000000000...
 done. [Time: 1.320000 ms] 
Refreshing native plugins compatible for Editor in 0.32 ms, found 0 plugins.
Preloading 0 native plugins for Editor in 0.00 ms.

----- Total AssetImport time: 0.045522s, AssetImport time: 0.018249s, Asset hashing: 0.000000s [0 B, 0.000000 mb/s]

Warming cache for 120 main assets: 0.000496 seconds elapsed
Initializing Unity extensions:
 '/opt/UnityLts/Editor/Data/UnityExtensions/Unity/UnityHoloLens/Editor/UnityEditor.HoloLens.dll'  GUID: 12fd8a0055b84bb59e84c9835a37e333
 '/opt/UnityLts/Editor/Data/UnityExtensions/Unity/Timeline/Runtime/UnityEngine.Timeline.dll'  GUID: 6a10b2909283487f913b00d94cd3faf5
 '/opt/UnityLts/Editor/Data/UnityExtensions/Unity/TestRunner/portable/nunit.framework.dll'  GUID: 405b9b51bb344a128608d968297df79c
 '/opt/UnityLts/Editor/Data/UnityExtensions/Unity/GUISystem/Standalone/UnityEngine.UI.dll'  GUID: f70555f144d8491a825f0804e09c671c
 '/opt/UnityLts/Editor/Data/UnityExtensions/Unity/GUISystem/UnityEngine.UI.dll'  GUID: f5f67c52d1564df4a8936ccd202a3bd8
 '/opt/UnityLts/Editor/Data/UnityExtensions/Unity/Timeline/RuntimeEditor/UnityEngine.Timeline.dll'  GUID: 844f815391db42d49455cbf1a7bfc434
 '/opt/UnityLts/Editor/Data/UnityExtensions/Unity/Networking/Standalone/UnityEngine.Networking.dll'  GUID: dc443db3e92b4983b9738c1131f555cb
 '/opt/UnityLts/Editor/Data/UnityExtensions/Unity/UnitySpatialTracking/Runtime/UnityEngine.SpatialTracking.dll'  GUID: ed7343f30e3843b3afda8f8b02669cea
 '/opt/UnityLts/Editor/Data/UnityExtensions/Unity/UnityGoogleAudioSpatializer/Editor/UnityEditor.GoogleAudioSpatializer.dll'  GUID: 4a3ecb1425d14502837abea459cf2b70
 '/opt/UnityLts/Editor/Data/UnityExtensions/Unity/Networking/Editor/UnityEditor.Networking.dll'  GUID: 5f32cd94baa94578a686d4b9d6b660f7
 '/opt/UnityLts/Editor/Data/UnityExtensions/Unity/UnityHoloLens/Runtime/UnityEngine.HoloLens.dll'  GUID: f7b54ff4a43d4fcf81b4538b678e0bcc
 '/opt/UnityLts/Editor/Data/UnityExtensions/Unity/UnitySpatialTracking/Editor/UnityEditor.SpatialTracking.dll'  GUID: b5da970776034f77a070d99423d68791
 '/opt/UnityLts/Editor/Data/UnityExtensions/Unity/TreeEditor/Editor/UnityEditor.TreeEditor.dll'  GUID: adebbd281f1a4ef3a30be7f21937e02f
 '/opt/UnityLts/Editor/Data/UnityExtensions/Unity/Networking/UnityEngine.Networking.dll'  GUID: 870353891bb340e2b2a9c8707e7419ba
 '/opt/UnityLts/Editor/Data/UnityExtensions/Unity/TestRunner/UnityEngine.TestRunner.dll'  GUID: 53ebcfaa2e1e4e2dbc85882cd5a73fa1
 '/opt/UnityLts/Editor/Data/UnityExtensions/Unity/UnityGoogleAudioSpatializer/RuntimeEditor/UnityEngine.GoogleAudioSpatializer.dll'  GUID: ead147da21254ff9a0a936bdd75e1680
 '/opt/UnityLts/Editor/Data/UnityExtensions/Unity/UnityGoogleAudioSpatializer/Runtime/UnityEngine.GoogleAudioSpatializer.dll'  GUID: e4f4cf1b9b434137a499903a7a1d651a
 '/opt/UnityLts/Editor/Data/UnityExtensions/Unity/UnityVR/Editor/UnityEditor.VR.dll'  GUID: 4ba2329b63d54f0187bcaa12486b1b0f
 '/opt/UnityLts/Editor/Data/UnityExtensions/Unity/UnityHoloLens/RuntimeEditor/UnityEngine.HoloLens.dll'  GUID: 1c6d1fbb51834b64847b1b73a75bfc77
 '/opt/UnityLts/Editor/Data/UnityExtensions/Unity/UnitySpatialTracking/RuntimeEditor/UnityEngine.SpatialTracking.dll'  GUID: 3a84de5cd0624681b6b6dcd8921d912a
 '/opt/UnityLts/Editor/Data/UnityExtensions/Unity/GUISystem/Editor/UnityEditor.UI.dll'  GUID: 80a3616ca19596e4da0f10f14d241e9f
 '/opt/UnityLts/Editor/Data/UnityExtensions/Unity/UIAutomation/UnityEngine.UIAutomation.dll'  GUID: c768acbc9cf24d398488bb4c93b91288
 '/opt/UnityLts/Editor/Data/UnityExtensions/Unity/TestRunner/Editor/UnityEditor.TestRunner.dll'  GUID: 4113173d5e95493ab8765d7b08371de4
 '/opt/UnityLts/Editor/Data/UnityExtensions/Unity/TestRunner/net35/unity-custom/nunit.framework.dll'  GUID: 4b3fa4bde7f1451a8218c03ee6a8ded8
 '/opt/UnityLts/Editor/Data/UnityExtensions/Unity/UIAutomation/Editor/UnityEditor.UIAutomation.dll'  GUID: b8a0574e92bd43a59e19d6c3c6ae54c7
 '/opt/UnityLts/Editor/Data/UnityExtensions/Unity/Timeline/Editor/UnityEditor.Timeline.dll'  GUID: 7668179ede524d6396c8b7d84461ea29
Unloading 48 Unused Serialized files (Serialized files now loaded: 0)
System memory in use before: 13.9 MB.
System memory in use after: 13.9 MB.

Unloading 9 unused Assets to reduce memory usage. Loaded Objects now: 679.
Total: 1.093000 ms (FindLiveObjects: 0.137000 ms CreateObjectMapping: 0.010000 ms MarkObjects: 0.908000 ms  DeleteObjects: 0.038000 ms)

GLX Extensions: GLX_EXT_visual_info GLX_EXT_visual_rating GLX_EXT_import_context GLX_SGIX_fbconfig GLX_SGIX_pbuffer GLX_SGI_video_sync GLX_SGI_swap_control GLX_EXT_swap_control GLX_EXT_swap_control_tear GLX_EXT_texture_from_pixmap GLX_EXT_buffer_age GLX_ARB_create_context GLX_ARB_create_context_profile GLX_EXT_create_context_es_profile GLX_EXT_create_context_es2_profile GLX_ARB_create_context_no_error GLX_ARB_create_context_robustness GLX_NV_delay_before_swap GLX_EXT_stereo_tree GLX_ARB_context_flush_control GLX_NV_robustness_video_memory_purge GLX_ARB_multisample GLX_NV_float_buffer GLX_ARB_fbconfig_float GLX_EXT_framebuffer_sRGB GLX_NV_multisample_coverage GLX_NV_copy_image GLX_ARB_get_proc_address 
GLX Extensions: GLX_EXT_visual_info GLX_EXT_visual_rating GLX_EXT_import_context GLX_SGIX_fbconfig GLX_SGIX_pbuffer GLX_SGI_video_sync GLX_SGI_swap_control GLX_EXT_swap_control GLX_EXT_swap_control_tear GLX_EXT_texture_from_pixmap GLX_EXT_buffer_age GLX_ARB_create_context GLX_ARB_create_context_profile GLX_EXT_create_context_es_profile GLX_EXT_create_context_es2_profile GLX_ARB_create_context_no_error GLX_ARB_create_context_robustness GLX_NV_delay_before_swap GLX_EXT_stereo_tree GLX_ARB_context_flush_control GLX_NV_robustness_video_memory_purge GLX_ARB_multisample GLX_NV_float_buffer GLX_ARB_fbconfig_float GLX_EXT_framebuffer_sRGB GLX_NV_multisample_coverage GLX_NV_copy_image GLX_ARB_get_proc_address 
GLX Extensions: GLX_EXT_visual_info GLX_EXT_visual_rating GLX_EXT_import_context GLX_SGIX_fbconfig GLX_SGIX_pbuffer GLX_SGI_video_sync GLX_SGI_swap_control GLX_EXT_swap_control GLX_EXT_swap_control_tear GLX_EXT_texture_from_pixmap GLX_EXT_buffer_age GLX_ARB_create_context GLX_ARB_create_context_profile GLX_EXT_create_context_es_profile GLX_EXT_create_context_es2_profile GLX_ARB_create_context_no_error GLX_ARB_create_context_robustness GLX_NV_delay_before_swap GLX_EXT_stereo_tree GLX_ARB_context_flush_control GLX_NV_robustness_video_memory_purge GLX_ARB_multisample GLX_NV_float_buffer GLX_ARB_fbconfig_float GLX_EXT_framebuffer_sRGB GLX_NV_multisample_coverage GLX_NV_copy_image GLX_ARB_get_proc_address 
requesting resize 1054 x 592
resizing window to 1054 x 592
Desktop is 3520 x 1080 @ 60 Hz
GLX Extensions: GLX_EXT_visual_info GLX_EXT_visual_rating GLX_EXT_import_context GLX_SGIX_fbconfig GLX_SGIX_pbuffer GLX_SGI_video_sync GLX_SGI_swap_control GLX_EXT_swap_control GLX_EXT_swap_control_tear GLX_EXT_texture_from_pixmap GLX_EXT_buffer_age GLX_ARB_create_context GLX_ARB_create_context_profile GLX_EXT_create_context_es_profile GLX_EXT_create_context_es2_profile GLX_ARB_create_context_no_error GLX_ARB_create_context_robustness GLX_NV_delay_before_swap GLX_EXT_stereo_tree GLX_ARB_context_flush_control GLX_NV_robustness_video_memory_purge GLX_ARB_multisample GLX_NV_float_buffer GLX_ARB_fbconfig_float GLX_EXT_framebuffer_sRGB GLX_NV_multisample_coverage GLX_NV_copy_image GLX_ARB_get_proc_address 
GLX Extensions: GLX_EXT_visual_info GLX_EXT_visual_rating GLX_EXT_import_context GLX_SGIX_fbconfig GLX_SGIX_pbuffer GLX_SGI_video_sync GLX_SGI_swap_control GLX_EXT_swap_control GLX_EXT_swap_control_tear GLX_EXT_texture_from_pixmap GLX_EXT_buffer_age GLX_ARB_create_context GLX_ARB_create_context_profile GLX_EXT_create_context_es_profile GLX_EXT_create_context_es2_profile GLX_ARB_create_context_no_error GLX_ARB_create_context_robustness GLX_NV_delay_before_swap GLX_EXT_stereo_tree GLX_ARB_context_flush_control GLX_NV_robustness_video_memory_purge GLX_ARB_multisample GLX_NV_float_buffer GLX_ARB_fbconfig_float GLX_EXT_framebuffer_sRGB GLX_NV_multisample_coverage GLX_NV_copy_image GLX_ARB_get_proc_address 
GLX Extensions: GLX_EXT_visual_info GLX_EXT_visual_rating GLX_EXT_import_context GLX_SGIX_fbconfig GLX_SGIX_pbuffer GLX_SGI_video_sync GLX_SGI_swap_control GLX_EXT_swap_control GLX_EXT_swap_control_tear GLX_EXT_texture_from_pixmap GLX_EXT_buffer_age GLX_ARB_create_context GLX_ARB_create_context_profile GLX_EXT_create_context_es_profile GLX_EXT_create_context_es2_profile GLX_ARB_create_context_no_error GLX_ARB_create_context_robustness GLX_NV_delay_before_swap GLX_EXT_stereo_tree GLX_ARB_context_flush_control GLX_NV_robustness_video_memory_purge GLX_ARB_multisample GLX_NV_float_buffer GLX_ARB_fbconfig_float GLX_EXT_framebuffer_sRGB GLX_NV_multisample_coverage GLX_NV_copy_image GLX_ARB_get_proc_address 
requesting resize 1054 x 592
resizing window to 1054 x 592
Desktop is 3520 x 1080 @ 60 Hz
requesting resize 1054 x 592
resizing window to 1054 x 592
Desktop is 3520 x 1080 @ 60 Hz
GLX Extensions: GLX_EXT_visual_info GLX_EXT_visual_rating GLX_EXT_import_context GLX_SGIX_fbconfig GLX_SGIX_pbuffer GLX_SGI_video_sync GLX_SGI_swap_control GLX_EXT_swap_control GLX_EXT_swap_control_tear GLX_EXT_texture_from_pixmap GLX_EXT_buffer_age GLX_ARB_create_context GLX_ARB_create_context_profile GLX_EXT_create_context_es_profile GLX_EXT_create_context_es2_profile GLX_ARB_create_context_no_error GLX_ARB_create_context_robustness GLX_NV_delay_before_swap GLX_EXT_stereo_tree GLX_ARB_context_flush_control GLX_NV_robustness_video_memory_purge GLX_ARB_multisample GLX_NV_float_buffer GLX_ARB_fbconfig_float GLX_EXT_framebuffer_sRGB GLX_NV_multisample_coverage GLX_NV_copy_image GLX_ARB_get_proc_address 
GLX Extensions: GLX_EXT_visual_info GLX_EXT_visual_rating GLX_EXT_import_context GLX_SGIX_fbconfig GLX_SGIX_pbuffer GLX_SGI_video_sync GLX_SGI_swap_control GLX_EXT_swap_control GLX_EXT_swap_control_tear GLX_EXT_texture_from_pixmap GLX_EXT_buffer_age GLX_ARB_create_context GLX_ARB_create_context_profile GLX_EXT_create_context_es_profile GLX_EXT_create_context_es2_profile GLX_ARB_create_context_no_error GLX_ARB_create_context_robustness GLX_NV_delay_before_swap GLX_EXT_stereo_tree GLX_ARB_context_flush_control GLX_NV_robustness_video_memory_purge GLX_ARB_multisample GLX_NV_float_buffer GLX_ARB_fbconfig_float GLX_EXT_framebuffer_sRGB GLX_NV_multisample_coverage GLX_NV_copy_image GLX_ARB_get_proc_address 
GLX Extensions: GLX_EXT_visual_info GLX_EXT_visual_rating GLX_EXT_import_context GLX_SGIX_fbconfig GLX_SGIX_pbuffer GLX_SGI_video_sync GLX_SGI_swap_control GLX_EXT_swap_control GLX_EXT_swap_control_tear GLX_EXT_texture_from_pixmap GLX_EXT_buffer_age GLX_ARB_create_context GLX_ARB_create_context_profile GLX_EXT_create_context_es_profile GLX_EXT_create_context_es2_profile GLX_ARB_create_context_no_error GLX_ARB_create_context_robustness GLX_NV_delay_before_swap GLX_EXT_stereo_tree GLX_ARB_context_flush_control GLX_NV_robustness_video_memory_purge GLX_ARB_multisample GLX_NV_float_buffer GLX_ARB_fbconfig_float GLX_EXT_framebuffer_sRGB GLX_NV_multisample_coverage GLX_NV_copy_image GLX_ARB_get_proc_address 
GLX Extensions: GLX_EXT_visual_info GLX_EXT_visual_rating GLX_EXT_import_context GLX_SGIX_fbconfig GLX_SGIX_pbuffer GLX_SGI_video_sync GLX_SGI_swap_control GLX_EXT_swap_control GLX_EXT_swap_control_tear GLX_EXT_texture_from_pixmap GLX_EXT_buffer_age GLX_ARB_create_context GLX_ARB_create_context_profile GLX_EXT_create_context_es_profile GLX_EXT_create_context_es2_profile GLX_ARB_create_context_no_error GLX_ARB_create_context_robustness GLX_NV_delay_before_swap GLX_EXT_stereo_tree GLX_ARB_context_flush_control GLX_NV_robustness_video_memory_purge GLX_ARB_multisample GLX_NV_float_buffer GLX_ARB_fbconfig_float GLX_EXT_framebuffer_sRGB GLX_NV_multisample_coverage GLX_NV_copy_image GLX_ARB_get_proc_address 
GLX Extensions: GLX_EXT_visual_info GLX_EXT_visual_rating GLX_EXT_import_context GLX_SGIX_fbconfig GLX_SGIX_pbuffer GLX_SGI_video_sync GLX_SGI_swap_control GLX_EXT_swap_control GLX_EXT_swap_control_tear GLX_EXT_texture_from_pixmap GLX_EXT_buffer_age GLX_ARB_create_context GLX_ARB_create_context_profile GLX_EXT_create_context_es_profile GLX_EXT_create_context_es2_profile GLX_ARB_create_context_no_error GLX_ARB_create_context_robustness GLX_NV_delay_before_swap GLX_EXT_stereo_tree GLX_ARB_context_flush_control GLX_NV_robustness_video_memory_purge GLX_ARB_multisample GLX_NV_float_buffer GLX_ARB_fbconfig_float GLX_EXT_framebuffer_sRGB GLX_NV_multisample_coverage GLX_NV_copy_image GLX_ARB_get_proc_address 
GLX Extensions: GLX_EXT_visual_info GLX_EXT_visual_rating GLX_EXT_import_context GLX_SGIX_fbconfig GLX_SGIX_pbuffer GLX_SGI_video_sync GLX_SGI_swap_control GLX_EXT_swap_control GLX_EXT_swap_control_tear GLX_EXT_texture_from_pixmap GLX_EXT_buffer_age GLX_ARB_create_context GLX_ARB_create_context_profile GLX_EXT_create_context_es_profile GLX_EXT_create_context_es2_profile GLX_ARB_create_context_no_error GLX_ARB_create_context_robustness GLX_NV_delay_before_swap GLX_EXT_stereo_tree GLX_ARB_context_flush_control GLX_NV_robustness_video_memory_purge GLX_ARB_multisample GLX_NV_float_buffer GLX_ARB_fbconfig_float GLX_EXT_framebuffer_sRGB GLX_NV_multisample_coverage GLX_NV_copy_image GLX_ARB_get_proc_address 
Refresh: detecting if any assets need to be imported or removed ... Refresh: elapses 0.000997 seconds (Nothing changed)
Created GICache directory at /home/beatrix/.cache/unity3d/GiCache. Took: 0.004s, timestamps: [25.945 - 25.949]
Issue TrimJob to reduce GI Cache size to maximum 10GB at: '/home/beatrix/.cache/unity3d/GiCache'
[00:00:01] Enlighten: Precompute started.
[PathTracer] Issuing atlassing job. Atlas hash: bc06a9703e5ae257241f86e6e5e9cb62, width: 1024, height: 1024
TrimDiskCacheJob: Current cache size 0mb
[00:00:01] Enlighten: Finished 1 Layout Systems job (0.00s execute, 0.00s integrate, 0.31s wallclock)
[00:00:02] Enlighten: Finished 1 Tetrahedralize Probes job (0.00s execute, 0.00s integrate, 0.30s wallclock)
[00:00:02] Enlighten: Precompute took 0.610328 seconds.
Enlighten scene contents:   0 geometries.   0 instances.   0 systems.   0 probe groups.   0 cube maps. Scene is up-to-date.
[00:00:02] Enlighten: Bake started.
[PathTracer][LP] Issuing deduplication and tetrahedralization job. Combined: 80257199cfa681a16be5e09b3c2208f4, tetrahedralized probes: 00000000000000000000000000000000, non-tetrahedralized probes: 00000000000000000000000000000000, dependencies: 00000000000000000000000000000000
Setting up 2 worker threads for Enlighten.
  Thread -> id: 7fd5aadb7700 -> priority: 1 
  Thread -> id: 7fd5aa5b6700 -> priority: 1 
[00:00:02] Enlighten: Finished 1 Bake Runtime job (0.13s execute, 0.00s integrate, 0.30s wallclock)
[00:00:02] Enlighten: Bake took 0.304946 seconds.
[PathTracer][LP] Integrating deduplicated and tetrahedralized probes for hash 80257199cfa681a16be5e09b3c2208f4.
[PathTracer] Common reset.
[PathTracer] Lightmap reset.
[PathTracer][LP] Light probes reset.
[PathTracer] building lightmap data asset.
[00:00:05] Enlighten: Reflection Probes started.
[00:00:05] Enlighten: Finished 1 Ambient Probes job (0.00s execute, 0.00s integrate, 0.31s wallclock)
[00:00:06] Enlighten: Finished 1 Reflection Probes job (0.00s execute, 0.00s integrate, 0.31s wallclock)
Refresh: detecting if any assets need to be imported or removed ... Refresh: elapses 0.001207 seconds (Nothing changed)
Refresh: detecting if any assets need to be imported or removed ... Refresh: elapses 0.001071 seconds (Nothing changed)
Refresh: detecting if any assets need to be imported or removed ... Refresh: elapses 0.001282 seconds (Nothing changed)

Packing sprites:
[     36 MB ]- Skipping packing - Sprite Packer (Legacy) is off.
[     36 MB ]Reloading assemblies for play mode.
Begin MonoManager ReloadAssembly
Initializing Unity.PackageManager (PackageManager) v2017.4.19 for Unity v2017.4.19f1
Registering platform support modules:
Registered platform support modules in: 0.0805503s.
Native extension for LinuxStandalone target not found
Refreshing native plugins compatible for Editor in 0.69 ms, found 0 plugins.
Preloading 0 native plugins for Editor in 0.00 ms.
Mono: successfully reloaded assembly
- Completed reload, in  1.452 seconds
Platform modules already initialized, skipping
Load scene 'Temp/__Backupscenes/0.backup' time: 0.277000 ms 
Load scene 'Temp/__Backupscenes/0.backup' time: 0.185000 ms 
Unloading 12 Unused Serialized files (Serialized files now loaded: 0)
System memory in use before: 35.7 MB.
System memory in use after: 35.7 MB.

Unloading 38 unused Assets to reduce memory usage. Loaded Objects now: 2957.
Total: 6.496000 ms (FindLiveObjects: 0.433000 ms CreateObjectMapping: 0.039000 ms MarkObjects: 5.779000 ms  DeleteObjects: 0.242000 ms)

[00:00:00] Enlighten: Precompute started.
[PathTracer] building lightmap data asset.
[00:00:00] Enlighten: Finished 1 Layout Systems job (0.00s execute, 0.00s integrate, 0.08s wallclock)
[00:00:00] Enlighten: Finished 1 Tetrahedralize Probes job (0.00s execute, 0.00s integrate, 0.05s wallclock)
[00:00:00] Enlighten: Precompute took 0.128190 seconds.
Enlighten scene contents:   0 geometries.   0 instances.   0 systems.   0 probe groups.   0 cube maps. Scene is up-to-date.
Refresh: detecting if any assets need to be imported or removed ... Refresh: elapses 0.001044 seconds (Nothing changed)
Refresh: detecting if any assets need to be imported or removed ... Refresh: elapses 0.001019 seconds (Nothing changed)
Refresh: detecting if any assets need to be imported or removed ... Refresh: elapses 0.001002 seconds (Nothing changed)
Refresh: detecting if any assets need to be imported or removed ... Refresh: elapses 0.001023 seconds (Nothing changed)
Refresh: detecting if any assets need to be imported or removed ... Refresh: elapses 0.000994 seconds (Nothing changed)
Refresh: detecting if any assets need to be imported or removed ... Refresh: elapses 0.000886 seconds (Nothing changed)
Refresh: detecting if any assets need to be imported or removed ... Refresh: elapses 0.000847 seconds (Nothing changed)
Refresh: detecting if any assets need to be imported or removed ... Refresh: elapses 0.000793 seconds (Nothing changed)
[Package Manager] Server::Kill -- Server was shutdown
Cleanup mono
debugger-agent: Unable to listen on 79
/home/builduser/buildslave/unity/build/Editor/Platform/Linux/TempStubs.cpp:PlatformImageForIconForExtension
/home/builduser/buildslave/unity/build/Editor/Platform/Linux/TempStubs.cpp:PlatformImageForIconForExtension
/home/builduser/buildslave/unity/build/Editor/Platform/Linux/TempStubs.cpp:PlatformImageForIconForExtension
/home/builduser/buildslave/unity/build/Editor/Platform/Linux/TempStubs.cpp:PlatformImageForIconForExtension
/home/builduser/buildslave/unity/build/Editor/Platform/Linux/TempStubs.cpp:PlatformImageForIconForExtension
/home/builduser/buildslave/unity/build/Editor/Platform/Linux/TempStubs.cpp:PlatformImageForIconForExtension
/home/builduser/buildslave/unity/build/Editor/Platform/Linux/TempStubs.cpp:PlatformImageForIconForExtension
/home/builduser/buildslave/unity/build/Editor/Platform/Linux/TempStubs.cpp:PlatformImageForIconForExtension
/home/builduser/buildslave/unity/build/Editor/Platform/Linux/TempStubs.cpp:PlatformImageForIconForExtension
/home/builduser/buildslave/unity/build/Editor/Platform/Linux/TempStubs.cpp:PlatformImageForIconForExtension
/home/builduser/buildslave/unity/build/Editor/Platform/Linux/TempStubs.cpp:PlatformImageForIconForExtension
/home/builduser/buildslave/unity/build/Editor/Platform/Linux/TempStubs.cpp:PlatformImageForIconForExtension
/home/builduser/buildslave/unity/build/Editor/Platform/Linux/TempStubs.cpp:PlatformImageForIconForExtension
/home/builduser/buildslave/unity/build/Editor/Platform/Linux/TempStubs.cpp:PlatformImageForIconForExtension
/home/builduser/buildslave/unity/build/Editor/Platform/Linux/TempStubs.cpp:PlatformImageForIconForExtension
/home/builduser/buildslave/unity/build/Editor/Platform/Linux/TempStubs.cpp:PlatformImageForIconForExtension
/home/builduser/buildslave/unity/build/Editor/Platform/Linux/TempStubs.cpp:PlatformImageForIconForExtension
/home/builduser/buildslave/unity/build/Editor/Platform/Linux/UsbDevices.cpp:UsbDevicesQuery
